<?xml version="1.0" encoding="UTF-8"?>
<testsuite xmlns:xsi="http://www.w3.org/2001/XMLSchema-instance" xsi:noNamespaceSchemaLocation="https://maven.apache.org/surefire/maven-surefire-plugin/xsd/surefire-test-report.xsd" version="3.0.2" name="TestSuite" time="238.593" tests="21" errors="0" skipped="0" failures="6">
  <properties>
[...]
</properties>
  <testcase name="LoginAdminpenal" classname="com.Admin_MilkRide.Module.Admin_Allmodule" time="3.067">
    <system-out><![CDATA[On Start method invoked.... Report is ready.
[INFO ] 2025-07-17 14:57:37.462 [main] Baseclass - Url Open
Test Started: LoginAdminpenal
[INFO ] 2025-07-17 14:57:37.855 [main] Baseclass - Fill Email
[INFO ] 2025-07-17 14:57:37.958 [main] Baseclass - Fill passwoed
[INFO ] 2025-07-17 14:57:40.490 [main] Baseclass - Dashboard URL: https://app.milkride.com/admin/merchant/dashboard
[INFO ] 2025-07-17 14:57:40.563 [main] Baseclass - login sucefully - Passed 
]]></system-out>
    <system-err><![CDATA[SLF4J(W): No SLF4J providers were found.
SLF4J(W): Defaulting to no-operation (NOP) logger implementation
SLF4J(W): See https://www.slf4j.org/codes.html#noProviders for further details.
Jul 17, 2025 2:57:36 PM org.openqa.selenium.devtools.CdpVersionFinder findNearestMatch
WARNING: Unable to find an exact match for CDP version 138, returning the closest version; found: 137; Please update to a Selenium version that supports CDP version 138
]]></system-err>
  </testcase>
  <testcase name="Hubmanager" classname="com.Admin_MilkRide.Module.Admin_Allmodule" time="7.25">
    <failure message="The following asserts failed:&#10;	Hub list text mismatch" type="java.lang.AssertionError"><![CDATA[java.lang.AssertionError: 
The following asserts failed:
	Hub list text mismatch
	at org.testng.asserts.SoftAssert.assertAll(SoftAssert.java:46)
	at org.testng.asserts.SoftAssert.assertAll(SoftAssert.java:30)
	at com.Admin_MilkRide.Module.Admin_Allmodule.Hubmanager(Admin_Allmodule.java:180)
	at java.base/jdk.internal.reflect.DirectMethodHandleAccessor.invoke(DirectMethodHandleAccessor.java:103)
	at java.base/java.lang.reflect.Method.invoke(Method.java:580)
	at org.testng.internal.invokers.MethodInvocationHelper.invokeMethod(MethodInvocationHelper.java:141)
	at org.testng.internal.invokers.TestInvoker.invokeMethod(TestInvoker.java:686)
	at org.testng.internal.invokers.TestInvoker.invokeTestMethod(TestInvoker.java:230)
	at org.testng.internal.invokers.MethodRunner.runInSequence(MethodRunner.java:63)
	at org.testng.internal.invokers.TestInvoker$MethodInvocationAgent.invoke(TestInvoker.java:992)
	at org.testng.internal.invokers.TestInvoker.invokeTestMethods(TestInvoker.java:203)
	at org.testng.internal.invokers.TestMethodWorker.invokeTestMethods(TestMethodWorker.java:154)
	at org.testng.internal.invokers.TestMethodWorker.run(TestMethodWorker.java:134)
	at java.base/java.util.ArrayList.forEach(ArrayList.java:1596)
	at org.testng.TestRunner.privateRun(TestRunner.java:739)
	at org.testng.TestRunner.run(TestRunner.java:614)
	at org.testng.SuiteRunner.runTest(SuiteRunner.java:421)
	at org.testng.SuiteRunner.runSequentially(SuiteRunner.java:413)
	at org.testng.SuiteRunner.privateRun(SuiteRunner.java:373)
	at org.testng.SuiteRunner.run(SuiteRunner.java:312)
	at org.testng.SuiteRunnerWorker.runSuite(SuiteRunnerWorker.java:52)
	at org.testng.SuiteRunnerWorker.run(SuiteRunnerWorker.java:95)
	at org.testng.TestNG.runSuitesSequentially(TestNG.java:1274)
	at org.testng.TestNG.runSuitesLocally(TestNG.java:1208)
	at org.testng.TestNG.runSuites(TestNG.java:1112)
	at org.testng.TestNG.run(TestNG.java:1079)
	at org.apache.maven.surefire.testng.TestNGExecutor.run(TestNGExecutor.java:308)
	at org.apache.maven.surefire.testng.TestNGXmlTestSuite.execute(TestNGXmlTestSuite.java:71)
	at org.apache.maven.surefire.testng.TestNGProvider.invoke(TestNGProvider.java:113)
	at org.apache.maven.surefire.booter.ForkedBooter.runSuitesInProcess(ForkedBooter.java:385)
	at org.apache.maven.surefire.booter.ForkedBooter.execute(ForkedBooter.java:162)
	at org.apache.maven.surefire.booter.ForkedBooter.run(ForkedBooter.java:507)
	at org.apache.maven.surefire.booter.ForkedBooter.main(ForkedBooter.java:495)
]]></failure>
    <system-out><![CDATA[Test Passed: LoginAdminpenal
Test Started: Hubmanager
[INFO ] 2025-07-17 14:57:43.076 [main] Baseclass - Hubs URL: https://app.milkride.com/admin/hubs
[INFO ] 2025-07-17 14:57:43.124 [main] Baseclass - Hub listpage sucefully open  - failed 
[INFO ] 2025-07-17 14:57:47.829 [main] Baseclass - HubInfo URL: https://app.milkride.com/admin/hubs/show/20/info
]]></system-out>
  </testcase>
  <testcase name="HubInfo" classname="com.Admin_MilkRide.Module.Admin_Allmodule" time="16.04">
    <system-out><![CDATA[Test Failed: Hubmanager
Test Started: HubInfo
[INFO ] 2025-07-17 14:57:48.058 [main] Baseclass - Hubinfo page sucefully open - Passed 
[INFO ] 2025-07-17 14:57:50.478 [main] Baseclass - Hubs Account URL: https://app.milkride.com/admin/hubs/show/20/users
[INFO ] 2025-07-17 14:57:50.583 [main] Baseclass - Add Button is displyed 
[INFO ] 2025-07-17 14:57:52.879 [main] Baseclass - click on Location
[INFO ] 2025-07-17 14:57:52.908 [main] Baseclass - Hubs Location URL: https://app.milkride.com/admin/hubs/show/20/locations
[INFO ] 2025-07-17 14:57:52.947 [main] Baseclass - add location Button is displyed 
[INFO ] 2025-07-17 14:57:52.984 [main] Baseclass - location transfer button is displyed 
[INFO ] 2025-07-17 14:57:53.048 [main] Baseclass - hub to hub transfer Button is displyed 
[INFO ] 2025-07-17 14:57:55.614 [main] Baseclass - click on product option
[INFO ] 2025-07-17 14:57:55.667 [main] Baseclass - Hubs Product URL: https://app.milkride.com/admin/hubs/show/20/product_package
[INFO ] 2025-07-17 14:57:55.712 [main] Baseclass - Add product Button is displyed 
[INFO ] 2025-07-17 14:57:58.073 [main] Baseclass - click on contacts page 
[INFO ] 2025-07-17 14:57:58.147 [main] Baseclass - Add contanct Button is displyed 
[INFO ] 2025-07-17 14:58:00.235 [main] Baseclass - click on Document page 
[INFO ] 2025-07-17 14:58:00.250 [main] Baseclass - Hubs Document URL: https://app.milkride.com/admin/hubs/show/20/documents
[INFO ] 2025-07-17 14:58:00.291 [main] Baseclass - Add Document Button is displyed 
[INFO ] 2025-07-17 14:58:02.499 [main] Baseclass - click on Disable area page 
[INFO ] 2025-07-17 14:58:02.517 [main] Baseclass - Hubs Diable area URL: https://app.milkride.com/admin/hubs/show/20/disabled_area
[INFO ] 2025-07-17 14:58:02.565 [main] Baseclass - Add Diable area Button is displyed 
[INFO ] 2025-07-17 14:58:02.733 [main] Baseclass - click on hub manager page 
[INFO ] 2025-07-17 14:58:04.050 [main] Baseclass - Hub Module Finish...click on dashborad
]]></system-out>
  </testcase>
  <testcase name="Delivery_Management" classname="com.Admin_MilkRide.Module.Admin_Allmodule" time="10.522">
    <system-out><![CDATA[Test Passed: HubInfo
Test Started: Delivery_Management
[INFO ] 2025-07-17 14:58:06.630 [main] Baseclass - Delevery Management URL: https://app.milkride.com/admin/delivery/delivery-dashboard
[INFO ] 2025-07-17 14:58:06.684 [main] Baseclass - Deivery dashborad page sucefully open - Passed 
[INFO ] 2025-07-17 14:58:08.222 [main] Baseclass - Delivery Transfer page  URL: https://app.milkride.com/admin/delivery-transfer
[INFO ] 2025-07-17 14:58:08.230 [main] Baseclass - Delivery Transfer Open
[INFO ] 2025-07-17 14:58:10.590 [main] Baseclass - manul Route page  URL: https://app.milkride.com/admin/delivery/manual-route
[INFO ] 2025-07-17 14:58:10.594 [main] Baseclass - Manual route  Open
[INFO ] 2025-07-17 14:58:11.740 [main] Baseclass - Route Assistance page  URL: https://app.milkride.com/admin/delivery/route-assignment
[INFO ] 2025-07-17 14:58:11.743 [main] Baseclass - Route Assistance  page Open
[INFO ] 2025-07-17 14:58:13.155 [main] Baseclass - Master Route page  URL: https://app.milkride.com/admin/master-delivery/master-route
[INFO ] 2025-07-17 14:58:13.155 [main] Baseclass - Master Route  page Open
[INFO ] 2025-07-17 14:58:14.572 [main] Baseclass - Delivery_Management Module Finish...click on dashborad
]]></system-out>
  </testcase>
  <testcase name="Billing_History" classname="com.Admin_MilkRide.Module.Admin_Allmodule" time="3.785">
    <system-out><![CDATA[Test Passed: Delivery_Management
Test Started: Billing_History
[INFO ] 2025-07-17 14:58:16.722 [main] Baseclass - Invoice page URL: https://app.milkride.com/admin/merchants/invoices
[INFO ] 2025-07-17 14:58:16.770 [main] Baseclass - Invoice List page sucefully open - Passed 
[INFO ] 2025-07-17 14:58:18.374 [main] Baseclass - Billing_History Module Finish...click on dashborad
]]></system-out>
  </testcase>
  <testcase name="Customer_Managemnt" classname="com.Admin_MilkRide.Module.Admin_Allmodule" time="11.656">
    <failure message="The following asserts failed:&#10;	Error due to: element click intercepted: Element &lt;span class=&quot;menu-title&quot;&gt;...&lt;/span&gt; is not clickable at point (150, 148). Other element would receive the click: &lt;div class=&quot;menu-content&quot;&gt;...&lt;/div&gt;&#10;  (Session info: chrome=138.0.7204.101)&#10;Build info: version: &apos;4.33.0&apos;, revision: &apos;2c6aaad03a&apos;&#10;System info: os.name: &apos;Windows 10&apos;, os.arch: &apos;amd64&apos;, os.version: &apos;10.0&apos;, java.version: &apos;21.0.6&apos;&#10;Driver info: org.openqa.selenium.chrome.ChromeDriver&#10;Command: [00e9febe2ddd6d3036873a229602b4e0, clickElement {id=f.0A506C196C50B4E8FACC51D28BA0D751.d.64B71F983FE3FA9C3F62E2B028462247.e.3827}]&#10;Capabilities {acceptInsecureCerts: false, browserName: chrome, browserVersion: 138.0.7204.101, chrome: {chromedriverVersion: 138.0.7204.157 (e533e98b126..., userDataDir: C:\Windows\SystemTemp\scope...}, fedcm:accounts: true, goog:chromeOptions: {debuggerAddress: localhost:55313}, networkConnectionEnabled: false, pageLoadStrategy: normal, platformName: windows, proxy: Proxy(), se:cdp: ws://localhost:55313/devtoo..., se:cdpVersion: 138.0.7204.101, setWindowRect: true, strictFileInteractability: false, timeouts: {implicit: 0, pageLoad: 300000, script: 30000}, unhandledPromptBehavior: dismiss and notify, webauthn:extension:credBlob: true, webauthn:extension:largeBlob: true, webauthn:extension:minPinLength: true, webauthn:extension:prf: true, webauthn:virtualAuthenticators: true}&#10;Element: [[ChromeDriver: chrome on windows (00e9febe2ddd6d3036873a229602b4e0)] -&gt; xpath: (//span[normalize-space()=&apos;Dashboard&apos;])[1]]&#10;Session ID: 00e9febe2ddd6d3036873a229602b4e0" type="java.lang.AssertionError"><![CDATA[java.lang.AssertionError: 
The following asserts failed:
	Error due to: element click intercepted: Element <span class="menu-title">...</span> is not clickable at point (150, 148). Other element would receive the click: <div class="menu-content">...</div>
  (Session info: chrome=138.0.7204.101)
Build info: version: '4.33.0', revision: '2c6aaad03a'
System info: os.name: 'Windows 10', os.arch: 'amd64', os.version: '10.0', java.version: '21.0.6'
Driver info: org.openqa.selenium.chrome.ChromeDriver
Command: [00e9febe2ddd6d3036873a229602b4e0, clickElement {id=f.0A506C196C50B4E8FACC51D28BA0D751.d.64B71F983FE3FA9C3F62E2B028462247.e.3827}]
Capabilities {acceptInsecureCerts: false, browserName: chrome, browserVersion: 138.0.7204.101, chrome: {chromedriverVersion: 138.0.7204.157 (e533e98b126..., userDataDir: C:\Windows\SystemTemp\scope...}, fedcm:accounts: true, goog:chromeOptions: {debuggerAddress: localhost:55313}, networkConnectionEnabled: false, pageLoadStrategy: normal, platformName: windows, proxy: Proxy(), se:cdp: ws://localhost:55313/devtoo..., se:cdpVersion: 138.0.7204.101, setWindowRect: true, strictFileInteractability: false, timeouts: {implicit: 0, pageLoad: 300000, script: 30000}, unhandledPromptBehavior: dismiss and notify, webauthn:extension:credBlob: true, webauthn:extension:largeBlob: true, webauthn:extension:minPinLength: true, webauthn:extension:prf: true, webauthn:virtualAuthenticators: true}
Element: [[ChromeDriver: chrome on windows (00e9febe2ddd6d3036873a229602b4e0)] -> xpath: (//span[normalize-space()='Dashboard'])[1]]
Session ID: 00e9febe2ddd6d3036873a229602b4e0
	at org.testng.asserts.SoftAssert.assertAll(SoftAssert.java:46)
	at org.testng.asserts.SoftAssert.assertAll(SoftAssert.java:30)
	at com.Admin_MilkRide.Module.Admin_Allmodule.Customer_Managemnt(Admin_Allmodule.java:568)
	at java.base/jdk.internal.reflect.DirectMethodHandleAccessor.invoke(DirectMethodHandleAccessor.java:103)
	at java.base/java.lang.reflect.Method.invoke(Method.java:580)
	at org.testng.internal.invokers.MethodInvocationHelper.invokeMethod(MethodInvocationHelper.java:141)
	at org.testng.internal.invokers.TestInvoker.invokeMethod(TestInvoker.java:686)
	at org.testng.internal.invokers.TestInvoker.invokeTestMethod(TestInvoker.java:230)
	at org.testng.internal.invokers.MethodRunner.runInSequence(MethodRunner.java:63)
	at org.testng.internal.invokers.TestInvoker$MethodInvocationAgent.invoke(TestInvoker.java:992)
	at org.testng.internal.invokers.TestInvoker.invokeTestMethods(TestInvoker.java:203)
	at org.testng.internal.invokers.TestMethodWorker.invokeTestMethods(TestMethodWorker.java:154)
	at org.testng.internal.invokers.TestMethodWorker.run(TestMethodWorker.java:134)
	at java.base/java.util.ArrayList.forEach(ArrayList.java:1596)
	at org.testng.TestRunner.privateRun(TestRunner.java:739)
	at org.testng.TestRunner.run(TestRunner.java:614)
	at org.testng.SuiteRunner.runTest(SuiteRunner.java:421)
	at org.testng.SuiteRunner.runSequentially(SuiteRunner.java:413)
	at org.testng.SuiteRunner.privateRun(SuiteRunner.java:373)
	at org.testng.SuiteRunner.run(SuiteRunner.java:312)
	at org.testng.SuiteRunnerWorker.runSuite(SuiteRunnerWorker.java:52)
	at org.testng.SuiteRunnerWorker.run(SuiteRunnerWorker.java:95)
	at org.testng.TestNG.runSuitesSequentially(TestNG.java:1274)
	at org.testng.TestNG.runSuitesLocally(TestNG.java:1208)
	at org.testng.TestNG.runSuites(TestNG.java:1112)
	at org.testng.TestNG.run(TestNG.java:1079)
	at org.apache.maven.surefire.testng.TestNGExecutor.run(TestNGExecutor.java:308)
	at org.apache.maven.surefire.testng.TestNGXmlTestSuite.execute(TestNGXmlTestSuite.java:71)
	at org.apache.maven.surefire.testng.TestNGProvider.invoke(TestNGProvider.java:113)
	at org.apache.maven.surefire.booter.ForkedBooter.runSuitesInProcess(ForkedBooter.java:385)
	at org.apache.maven.surefire.booter.ForkedBooter.execute(ForkedBooter.java:162)
	at org.apache.maven.surefire.booter.ForkedBooter.run(ForkedBooter.java:507)
	at org.apache.maven.surefire.booter.ForkedBooter.main(ForkedBooter.java:495)
]]></failure>
    <system-out><![CDATA[Test Passed: Billing_History
Test Started: Customer_Managemnt
[INFO ] 2025-07-17 14:58:20.525 [main] Baseclass - Invoice page URL: https://app.milkride.com/admin/customers
[INFO ] 2025-07-17 14:58:20.574 [main] Baseclass - Customers List page sucefully open - Passed 
[INFO ] 2025-07-17 14:58:21.972 [main] Baseclass - Subscription page URL: https://app.milkride.com/admin/customers/all-subscriptions
[INFO ] 2025-07-17 14:58:22.075 [main] Baseclass - add subscription option is displayed
[INFO ] 2025-07-17 14:58:23.441 [main] Baseclass - Order page URL: https://app.milkride.com/admin/customers/all-orders
[INFO ] 2025-07-17 14:58:24.640 [main] Baseclass - Customer price page URL: https://app.milkride.com/admin/customergroup
[INFO ] 2025-07-17 14:58:26.545 [main] Baseclass - click on customer Managment module
[INFO ] 2025-07-17 14:58:28.628 [main] Baseclass - Customer Invoice page URL: https://app.milkride.com/admin/invoices
[INFO ] 2025-07-17 14:58:28.694 [main] Baseclass - Invoice list sucefully open - Passed 
[ERROR] 2025-07-17 14:58:29.874 [main] Baseclass - Exception occurred in LoginAdminpenal: element click intercepted: Element <span class="menu-title">...</span> is not clickable at point (150, 148). Other element would receive the click: <div class="menu-content">...</div>
  (Session info: chrome=138.0.7204.101)
Build info: version: '4.33.0', revision: '2c6aaad03a'
System info: os.name: 'Windows 10', os.arch: 'amd64', os.version: '10.0', java.version: '21.0.6'
Driver info: org.openqa.selenium.chrome.ChromeDriver
Command: [00e9febe2ddd6d3036873a229602b4e0, clickElement {id=f.0A506C196C50B4E8FACC51D28BA0D751.d.64B71F983FE3FA9C3F62E2B028462247.e.3827}]
Capabilities {acceptInsecureCerts: false, browserName: chrome, browserVersion: 138.0.7204.101, chrome: {chromedriverVersion: 138.0.7204.157 (e533e98b126..., userDataDir: C:\Windows\SystemTemp\scope...}, fedcm:accounts: true, goog:chromeOptions: {debuggerAddress: localhost:55313}, networkConnectionEnabled: false, pageLoadStrategy: normal, platformName: windows, proxy: Proxy(), se:cdp: ws://localhost:55313/devtoo..., se:cdpVersion: 138.0.7204.101, setWindowRect: true, strictFileInteractability: false, timeouts: {implicit: 0, pageLoad: 300000, script: 30000}, unhandledPromptBehavior: dismiss and notify, webauthn:extension:credBlob: true, webauthn:extension:largeBlob: true, webauthn:extension:minPinLength: true, webauthn:extension:prf: true, webauthn:virtualAuthenticators: true}
Element: [[ChromeDriver: chrome on windows (00e9febe2ddd6d3036873a229602b4e0)] -> xpath: (//span[normalize-space()='Dashboard'])[1]]
Session ID: 00e9febe2ddd6d3036873a229602b4e0
]]></system-out>
    <system-err><![CDATA[org.openqa.selenium.ElementClickInterceptedException: element click intercepted: Element <span class="menu-title">...</span> is not clickable at point (150, 148). Other element would receive the click: <div class="menu-content">...</div>
  (Session info: chrome=138.0.7204.101)
Build info: version: '4.33.0', revision: '2c6aaad03a'
System info: os.name: 'Windows 10', os.arch: 'amd64', os.version: '10.0', java.version: '21.0.6'
Driver info: org.openqa.selenium.chrome.ChromeDriver
Command: [00e9febe2ddd6d3036873a229602b4e0, clickElement {id=f.0A506C196C50B4E8FACC51D28BA0D751.d.64B71F983FE3FA9C3F62E2B028462247.e.3827}]
Capabilities {acceptInsecureCerts: false, browserName: chrome, browserVersion: 138.0.7204.101, chrome: {chromedriverVersion: 138.0.7204.157 (e533e98b126..., userDataDir: C:\Windows\SystemTemp\scope...}, fedcm:accounts: true, goog:chromeOptions: {debuggerAddress: localhost:55313}, networkConnectionEnabled: false, pageLoadStrategy: normal, platformName: windows, proxy: Proxy(), se:cdp: ws://localhost:55313/devtoo..., se:cdpVersion: 138.0.7204.101, setWindowRect: true, strictFileInteractability: false, timeouts: {implicit: 0, pageLoad: 300000, script: 30000}, unhandledPromptBehavior: dismiss and notify, webauthn:extension:credBlob: true, webauthn:extension:largeBlob: true, webauthn:extension:minPinLength: true, webauthn:extension:prf: true, webauthn:virtualAuthenticators: true}
Element: [[ChromeDriver: chrome on windows (00e9febe2ddd6d3036873a229602b4e0)] -> xpath: (//span[normalize-space()='Dashboard'])[1]]
Session ID: 00e9febe2ddd6d3036873a229602b4e0
	at java.base/jdk.internal.reflect.DirectConstructorHandleAccessor.newInstance(DirectConstructorHandleAccessor.java:62)
	at java.base/java.lang.reflect.Constructor.newInstanceWithCaller(Constructor.java:502)
	at java.base/java.lang.reflect.Constructor.newInstance(Constructor.java:486)
	at org.openqa.selenium.remote.ErrorCodec.decode(ErrorCodec.java:167)
	at org.openqa.selenium.remote.codec.w3c.W3CHttpResponseCodec.decode(W3CHttpResponseCodec.java:138)
	at org.openqa.selenium.remote.codec.w3c.W3CHttpResponseCodec.decode(W3CHttpResponseCodec.java:50)
	at org.openqa.selenium.remote.HttpCommandExecutor.execute(HttpCommandExecutor.java:215)
	at org.openqa.selenium.remote.service.DriverCommandExecutor.invokeExecute(DriverCommandExecutor.java:216)
	at org.openqa.selenium.remote.service.DriverCommandExecutor.execute(DriverCommandExecutor.java:174)
	at org.openqa.selenium.remote.RemoteWebDriver.execute(RemoteWebDriver.java:544)
	at org.openqa.selenium.remote.RemoteWebElement.execute(RemoteWebElement.java:223)
	at org.openqa.selenium.remote.RemoteWebElement.click(RemoteWebElement.java:76)
	at java.base/jdk.internal.reflect.DirectMethodHandleAccessor.invoke(DirectMethodHandleAccessor.java:103)
	at java.base/java.lang.reflect.Method.invoke(Method.java:580)
	at org.openqa.selenium.support.pagefactory.internal.LocatingElementHandler.invoke(LocatingElementHandler.java:51)
	at jdk.proxy2/jdk.proxy2.$Proxy29.click(Unknown Source)
	at com.Admin_MilkRide.pagobject.dashbordpage.clickdashbord(dashbordpage.java:104)
	at com.Admin_MilkRide.Module.Admin_Allmodule.Customer_Managemnt(Admin_Allmodule.java:548)
	at java.base/jdk.internal.reflect.DirectMethodHandleAccessor.invoke(DirectMethodHandleAccessor.java:103)
	at java.base/java.lang.reflect.Method.invoke(Method.java:580)
	at org.testng.internal.invokers.MethodInvocationHelper.invokeMethod(MethodInvocationHelper.java:141)
	at org.testng.internal.invokers.TestInvoker.invokeMethod(TestInvoker.java:686)
	at org.testng.internal.invokers.TestInvoker.invokeTestMethod(TestInvoker.java:230)
	at org.testng.internal.invokers.MethodRunner.runInSequence(MethodRunner.java:63)
	at org.testng.internal.invokers.TestInvoker$MethodInvocationAgent.invoke(TestInvoker.java:992)
	at org.testng.internal.invokers.TestInvoker.invokeTestMethods(TestInvoker.java:203)
	at org.testng.internal.invokers.TestMethodWorker.invokeTestMethods(TestMethodWorker.java:154)
	at org.testng.internal.invokers.TestMethodWorker.run(TestMethodWorker.java:134)
	at java.base/java.util.ArrayList.forEach(ArrayList.java:1596)
	at org.testng.TestRunner.privateRun(TestRunner.java:739)
	at org.testng.TestRunner.run(TestRunner.java:614)
	at org.testng.SuiteRunner.runTest(SuiteRunner.java:421)
	at org.testng.SuiteRunner.runSequentially(SuiteRunner.java:413)
	at org.testng.SuiteRunner.privateRun(SuiteRunner.java:373)
	at org.testng.SuiteRunner.run(SuiteRunner.java:312)
	at org.testng.SuiteRunnerWorker.runSuite(SuiteRunnerWorker.java:52)
	at org.testng.SuiteRunnerWorker.run(SuiteRunnerWorker.java:95)
	at org.testng.TestNG.runSuitesSequentially(TestNG.java:1274)
	at org.testng.TestNG.runSuitesLocally(TestNG.java:1208)
	at org.testng.TestNG.runSuites(TestNG.java:1112)
	at org.testng.TestNG.run(TestNG.java:1079)
	at org.apache.maven.surefire.testng.TestNGExecutor.run(TestNGExecutor.java:308)
	at org.apache.maven.surefire.testng.TestNGXmlTestSuite.execute(TestNGXmlTestSuite.java:71)
	at org.apache.maven.surefire.testng.TestNGProvider.invoke(TestNGProvider.java:113)
	at org.apache.maven.surefire.booter.ForkedBooter.runSuitesInProcess(ForkedBooter.java:385)
	at org.apache.maven.surefire.booter.ForkedBooter.execute(ForkedBooter.java:162)
	at org.apache.maven.surefire.booter.ForkedBooter.run(ForkedBooter.java:507)
	at org.apache.maven.surefire.booter.ForkedBooter.main(ForkedBooter.java:495)
]]></system-err>
  </testcase>
  <testcase name="Product_Catalogs" classname="com.Admin_MilkRide.Module.Admin_Allmodule" time="16.926">
    <system-out><![CDATA[Test Failed: Customer_Managemnt
Test Started: Product_Catalogs
[INFO ] 2025-07-17 14:58:38.739 [main] Baseclass - Category page URL: https://app.milkride.com/admin/categories
[INFO ] 2025-07-17 14:58:40.546 [main] Baseclass - Brand page URL: https://app.milkride.com/admin/brands
[INFO ] 2025-07-17 14:58:43.391 [main] Baseclass - Product page URL: https://app.milkride.com/admin/products
[INFO ] 2025-07-17 14:58:46.205 [main] Baseclass - Quick Product page URL: https://app.milkride.com/admin/bulkProducts/bulkProducts
[INFO ] 2025-07-17 14:58:46.231 [main] Baseclass - Product list sucefully open - Passed 
[INFO ] 2025-07-17 14:58:47.183 [main] Baseclass - Product Catelog Module Finish...click on dashborad
]]></system-out>
  </testcase>
  <testcase name="Inventory_Managment" classname="com.Admin_MilkRide.Module.Admin_Allmodule" time="4.784">
    <system-out><![CDATA[Test Passed: Product_Catalogs
Test Started: Inventory_Managment
[INFO ] 2025-07-17 14:58:49.612 [main] Baseclass - Warehouse page URL: https://app.milkride.com/admin/warehouse
[INFO ] 2025-07-17 14:58:50.361 [main] Baseclass - Supplier page URL: https://app.milkride.com/admin/supplier
[INFO ] 2025-07-17 14:58:51.052 [main] Baseclass - Purchase Inventory page URL: https://app.milkride.com/admin/purchase
[INFO ] 2025-07-17 14:58:51.973 [main] Baseclass - Inventory_Managment Module Finish...click on dashborad
]]></system-out>
  </testcase>
  <testcase name="FlexProduct_Plan" classname="com.Admin_MilkRide.Module.Admin_Allmodule" time="6.926">
    <system-out><![CDATA[Test Passed: Inventory_Managment
Test Started: FlexProduct_Plan
[INFO ] 2025-07-17 14:58:53.745 [main] Baseclass - Setting page URL: https://app.milkride.com/admin/subscription_settings
[INFO ] 2025-07-17 14:58:53.790 [main] Baseclass - Flexproduct_Setting_page sucefully - Passed 
[INFO ] 2025-07-17 14:58:54.560 [main] Baseclass - Attributes page URL: https://app.milkride.com/admin/attributes
[INFO ] 2025-07-17 14:58:54.589 [main] Baseclass - Add Attribute button displayed: true
[INFO ] 2025-07-17 14:58:55.242 [main] Baseclass - Working Day page URL: https://app.milkride.com/admin/working_days
[INFO ] 2025-07-17 14:58:55.958 [main] Baseclass - Clicked on Plan Slot
[INFO ] 2025-07-17 14:58:55.967 [main] Baseclass - Plan Slot page URL: https://app.milkride.com/admin/planslot
[INFO ] 2025-07-17 14:58:56.000 [main] Baseclass - Plan Slot header verified successfully
[INFO ] 2025-07-17 14:58:57.853 [main] Baseclass - Clicked on Subscription List
[INFO ] 2025-07-17 14:58:57.861 [main] Baseclass - Subscription List page URL: https://app.milkride.com/admin/order_subscriptions_plans/plans
[INFO ] 2025-07-17 14:58:57.891 [main] Baseclass - FlexProduct Plans header verified successfully
[INFO ] 2025-07-17 14:58:58.899 [main] Baseclass - FlexProduct_Plan Module Finish...click on dashborad
]]></system-out>
  </testcase>
  <testcase name="Banner" classname="com.Admin_MilkRide.Module.Admin_Allmodule" time="6.924">
    <system-out><![CDATA[Test Passed: FlexProduct_Plan
Test Started: Banner
[INFO ] 2025-07-17 14:59:04.787 [main] Baseclass - Banner page URL: https://app.milkride.com/admin/banners
[INFO ] 2025-07-17 14:59:04.915 [main] Baseclass - Banner page sucefully open - Passed 
[INFO ] 2025-07-17 14:59:04.962 [main] Baseclass - Add Banner button is displayed
[INFO ] 2025-07-17 14:59:05.833 [main] Baseclass - Banner Module Finish...click on dashborad
]]></system-out>
  </testcase>
  <testcase name="Locations_Manager" classname="com.Admin_MilkRide.Module.Admin_Allmodule" time="8.946">
    <system-out><![CDATA[Test Passed: Banner
Test Started: Locations_Manager
[INFO ] 2025-07-17 14:59:08.655 [main] Baseclass - Region page URL: https://app.milkride.com/admin/regions
[INFO ] 2025-07-17 14:59:08.701 [main] Baseclass - Region page sucefully open - Passed 
[INFO ] 2025-07-17 14:59:08.723 [main] Baseclass - Add Region button is displayed
[INFO ] 2025-07-17 14:59:10.131 [main] Baseclass - Clicked on Location
[INFO ] 2025-07-17 14:59:10.138 [main] Baseclass - Location page URL: https://app.milkride.com/admin/locations
[INFO ] 2025-07-17 14:59:10.168 [main] Baseclass - Locations page sucefully open - Passed 
[INFO ] 2025-07-17 14:59:10.190 [main] Baseclass - Add Location button is displayed
[INFO ] 2025-07-17 14:59:12.631 [main] Baseclass - Clicked on Area
[INFO ] 2025-07-17 14:59:12.653 [main] Baseclass - Area page URL: https://app.milkride.com/admin/areas
[INFO ] 2025-07-17 14:59:12.679 [main] Baseclass - Area List Header Text: Areas List
[INFO ] 2025-07-17 14:59:12.680 [main] Baseclass - Area page sucefully open - Passed 
[INFO ] 2025-07-17 14:59:12.702 [main] Baseclass - Add Area button is displayed
[INFO ] 2025-07-17 14:59:13.800 [main] Baseclass - Clicked on Route
[INFO ] 2025-07-17 14:59:13.806 [main] Baseclass - Route page URL: https://app.milkride.com/admin/routes
[INFO ] 2025-07-17 14:59:13.837 [main] Baseclass - Routes Header Text: Routes List
[INFO ] 2025-07-17 14:59:13.838 [main] Baseclass - Routes page sucefully open - Passed 
[INFO ] 2025-07-17 14:59:13.859 [main] Baseclass - Add Route button is displayed
[INFO ] 2025-07-17 14:59:14.783 [main] Baseclass - Locations_Manager Module Finish...click on dashborad
]]></system-out>
  </testcase>
  <testcase name="Report_Module" classname="com.Admin_MilkRide.Module.Admin_Allmodule" time="37.341">
    <system-out><![CDATA[Test Passed: Locations_Manager
Test Started: Report_Module
[INFO ] 2025-07-17 14:59:17.460 [main] Baseclass - Report page URL: https://app.milkride.com/admin/reports
[INFO ] 2025-07-17 14:59:17.496 [main] Baseclass - Reports List Header Text: Reports List
[INFO ] 2025-07-17 14:59:17.497 [main] Baseclass - Reports List page sucefully open - Passed 
[INFO ] 2025-07-17 14:59:17.522 [main] Baseclass - Customer Reports text is displayed
[INFO ] 2025-07-17 14:59:18.531 [main] Baseclass - Customer Wallet page URL: https://app.milkride.com/admin/reports/customer-wallet
[INFO ] 2025-07-17 14:59:18.557 [main] Baseclass - Customer Wallet page sucefully open - Passed 
[INFO ] 2025-07-17 14:59:18.585 [main] Baseclass - Export CSV button is displayed
[INFO ] 2025-07-17 14:59:19.451 [main] Baseclass - Clicked on Reports
[INFO ] 2025-07-17 14:59:20.177 [main] Baseclass - Customer Information page URL: https://app.milkride.com/admin/reports/admin/customer-information
[INFO ] 2025-07-17 14:59:20.205 [main] Baseclass - Customer Information page sucefully open - Passed 
[INFO ] 2025-07-17 14:59:20.226 [main] Baseclass - Export CSV button is displayed
[INFO ] 2025-07-17 14:59:20.926 [main] Baseclass - Clicked on Reports
[INFO ] 2025-07-17 14:59:22.527 [main] Baseclass - Clicked on Activity Logs
[INFO ] 2025-07-17 14:59:22.539 [main] Baseclass - Activity Logs page URL: https://app.milkride.com/admin/reports/activity
[INFO ] 2025-07-17 14:59:22.624 [main] Baseclass - Activity Log Header Text: Activity List
[INFO ] 2025-07-17 14:59:22.625 [main] Baseclass - Activity Logs page sucefully open - Passed 
[INFO ] 2025-07-17 14:59:22.644 [main] Baseclass - Export CSV button is displayed
[INFO ] 2025-07-17 14:59:23.349 [main] Baseclass - Clicked on Reports
[INFO ] 2025-07-17 14:59:24.111 [main] Baseclass - Low Credit page URL: https://app.milkride.com/admin/reports/low_credit/get/export
[INFO ] 2025-07-17 14:59:24.144 [main] Baseclass - Low Credit page sucefully open - Passed 
[INFO ] 2025-07-17 14:59:24.183 [main] Baseclass - Export CSV button is displayed
[INFO ] 2025-07-17 14:59:24.839 [main] Baseclass - Clicked on Reports
[INFO ] 2025-07-17 14:59:25.594 [main] Baseclass - Customer Vacation page URL: https://app.milkride.com/admin/reports/customer_vacation
[INFO ] 2025-07-17 14:59:25.641 [main] Baseclass - Customer Vacation page sucefully open - Passed 
[INFO ] 2025-07-17 14:59:25.658 [main] Baseclass - Export CSV button is displayed
[INFO ] 2025-07-17 14:59:26.341 [main] Baseclass - Clicked on Reports
[INFO ] 2025-07-17 14:59:27.443 [main] Baseclass - Subscription page URL: https://app.milkride.com/admin/reports/subscriptions
[INFO ] 2025-07-17 14:59:27.525 [main] Baseclass - Subscription page sucefully open - Passed 
[INFO ] 2025-07-17 14:59:27.609 [main] Baseclass - Export CSV button is displayed
[INFO ] 2025-07-17 14:59:28.256 [main] Baseclass - Clicked on Reports
[INFO ] 2025-07-17 14:59:28.988 [main] Baseclass - Subscription End page URL: https://app.milkride.com/admin/reports/subscription_end
[INFO ] 2025-07-17 14:59:29.018 [main] Baseclass - Subscription End page sucefully open - Passed 
[INFO ] 2025-07-17 14:59:29.037 [main] Baseclass - Export As button is displayed
[INFO ] 2025-07-17 14:59:29.740 [main] Baseclass - Clicked on Reports
[INFO ] 2025-07-17 14:59:29.771 [main] Baseclass - Operational Reports text is displayed
[INFO ] 2025-07-17 14:59:31.727 [main] Baseclass - Future Orders page URL: https://app.milkride.com/admin/reports/future_orders
[INFO ] 2025-07-17 14:59:31.757 [main] Baseclass - Future Orders page sucefully open - Passed 
[INFO ] 2025-07-17 14:59:31.775 [main] Baseclass - Export CSV button is displayed
[INFO ] 2025-07-17 14:59:31.870 [main] Baseclass - Clicked on Back button
[INFO ] 2025-07-17 14:59:33.441 [main] Baseclass - Predictive Analysis page URL: https://app.milkride.com/admin/reports/predictive_analysis
[INFO ] 2025-07-17 14:59:33.473 [main] Baseclass - Predictive Analysis page sucefully open - Passed 
[INFO ] 2025-07-17 14:59:33.491 [main] Baseclass - Export CSV button is displayed
[INFO ] 2025-07-17 14:59:34.239 [main] Baseclass - Clicked on Back button
[INFO ] 2025-07-17 14:59:35.021 [main] Baseclass - Reverse Logistic page URL: https://app.milkride.com/admin/reports/reverse_logistic
[INFO ] 2025-07-17 14:59:35.048 [main] Baseclass - Reverse Logistic page sucefully open - Passed 
[INFO ] 2025-07-17 14:59:35.693 [main] Baseclass - Clicked on Back button
[INFO ] 2025-07-17 14:59:36.455 [main] Baseclass - Cash Collections page URL: https://app.milkride.com/admin/reports/cash_collection
[INFO ] 2025-07-17 14:59:36.478 [main] Baseclass - Cash Collections page sucefully open - Passed 
[INFO ] 2025-07-17 14:59:36.495 [main] Baseclass - Export CSV button is displayed
[INFO ] 2025-07-17 14:59:37.271 [main] Baseclass - Clicked on Back button
[INFO ] 2025-07-17 14:59:38.554 [main] Baseclass - Order Information page URL: https://app.milkride.com/admin/reports/orders/data/information
[INFO ] 2025-07-17 14:59:38.583 [main] Baseclass - Order Information page sucefully open - Passed 
[INFO ] 2025-07-17 14:59:38.603 [main] Baseclass - Export As button is displayed
[INFO ] 2025-07-17 14:59:39.250 [main] Baseclass - Clicked on Back button
[INFO ] 2025-07-17 14:59:40.104 [main] Baseclass - Cancelled Order page URL: https://app.milkride.com/admin/reports/cancelled_order
[INFO ] 2025-07-17 14:59:40.132 [main] Baseclass - Cancelled Order page sucefully open - Passed 
[INFO ] 2025-07-17 14:59:40.150 [main] Baseclass - Export As button is displayed
[INFO ] 2025-07-17 14:59:40.760 [main] Baseclass - Clicked on Back button
[INFO ] 2025-07-17 14:59:42.429 [main] Baseclass - Deliveries Information page URL: https://app.milkride.com/admin/reports/return
[INFO ] 2025-07-17 14:59:42.458 [main] Baseclass - Deliveries Information page sucefully open - Passed 
[INFO ] 2025-07-17 14:59:42.477 [main] Baseclass - Export As button is displayed
[INFO ] 2025-07-17 14:59:43.194 [main] Baseclass - Clicked on Back button
[INFO ] 2025-07-17 14:59:43.955 [main] Baseclass - Image Proof page URL: https://app.milkride.com/admin/reports/image_proof
[INFO ] 2025-07-17 14:59:43.985 [main] Baseclass - Image Proof page sucefully open - Passed 
[INFO ] 2025-07-17 14:59:44.012 [main] Baseclass - Export As button is displayed
[INFO ] 2025-07-17 14:59:44.615 [main] Baseclass - Clicked on Back button
[INFO ] 2025-07-17 14:59:44.649 [main] Baseclass - Sales Reports text is displayed
[INFO ] 2025-07-17 14:59:45.776 [main] Baseclass - Transactions page URL: https://app.milkride.com/admin/reports/transactions
[INFO ] 2025-07-17 14:59:45.802 [main] Baseclass - Transactions page sucefully open - Passed 
[INFO ] 2025-07-17 14:59:45.818 [main] Baseclass - Export As button is displayed
[INFO ] 2025-07-17 14:59:46.527 [main] Baseclass - Clicked on Back button
[INFO ] 2025-07-17 14:59:47.334 [main] Baseclass - Cumulative Sales page URL: https://app.milkride.com/admin/reports/cumulative_sales
[INFO ] 2025-07-17 14:59:47.357 [main] Baseclass - Cumulative Sales page sucefully open - Passed 
[INFO ] 2025-07-17 14:59:47.373 [main] Baseclass - Export As button is displayed
[INFO ] 2025-07-17 14:59:48.036 [main] Baseclass - Clicked on Back button
[INFO ] 2025-07-17 14:59:49.286 [main] Baseclass - Orders Sheet page URL: https://app.milkride.com/admin/reports/order_sheet
[INFO ] 2025-07-17 14:59:49.311 [main] Baseclass - Orders Sheet page sucefully open - Passed 
[INFO ] 2025-07-17 14:59:49.335 [main] Baseclass - Download Delivery button is displayed
[INFO ] 2025-07-17 14:59:50.036 [main] Baseclass - Clicked on Back button
[INFO ] 2025-07-17 14:59:50.864 [main] Baseclass - Wallet Payment page URL: https://app.milkride.com/admin/reports/payment_gateway_usage
[INFO ] 2025-07-17 14:59:50.891 [main] Baseclass - Wallet Payment page sucefully open - Passed 
[INFO ] 2025-07-17 14:59:50.995 [main] Baseclass - Clicked on Back button
[INFO ] 2025-07-17 14:59:52.117 [main] Baseclass - Report_Module Module Finish...click on dashborad
]]></system-out>
  </testcase>
  <testcase name="Role_Module" classname="com.Admin_MilkRide.Module.Admin_Allmodule" time="6.293">
    <system-out><![CDATA[Test Passed: Report_Module
Test Started: Role_Module
[INFO ] 2025-07-17 14:59:55.637 [main] Baseclass - User page URL: https://app.milkride.com/admin/users
[INFO ] 2025-07-17 14:59:55.682 [main] Baseclass - User page sucefully open - Passed 
[INFO ] 2025-07-17 14:59:55.705 [main] Baseclass - Add User button is displayed
[INFO ] 2025-07-17 14:59:56.425 [main] Baseclass - Add Agent page URL: https://app.milkride.com/admin/agents
[INFO ] 2025-07-17 14:59:56.469 [main] Baseclass - Add Agent page sucefully open - Passed 
[INFO ] 2025-07-17 14:59:56.489 [main] Baseclass - Add Agent button is displayed
[INFO ] 2025-07-17 14:59:57.375 [main] Baseclass - Role page URL: https://app.milkride.com/admin/roles
[INFO ] 2025-07-17 14:59:57.443 [main] Baseclass - Role page sucefully open - Passed 
[INFO ] 2025-07-17 14:59:57.510 [main] Baseclass - Add Role button is displayed
[INFO ] 2025-07-17 14:59:58.435 [main] Baseclass - Role_Module Module Finish...click on dashborad
]]></system-out>
  </testcase>
  <testcase name="Support_Management" classname="com.Admin_MilkRide.Module.Admin_Allmodule" time="4.192">
    <system-out><![CDATA[Test Passed: Role_Module
Test Started: Support_Management
[INFO ] 2025-07-17 15:00:01.335 [main] Baseclass - Tickets page URL: https://app.milkride.com/admin/tickets
[INFO ] 2025-07-17 15:00:01.363 [main] Baseclass - Tickets page sucefully open - Passed 
[INFO ] 2025-07-17 15:00:01.385 [main] Baseclass - Add New Ticket button is displayed
[INFO ] 2025-07-17 15:00:02.632 [main] Baseclass - Support Management Module Finish...click on dashborad
]]></system-out>
  </testcase>
  <testcase name="Features" classname="com.Admin_MilkRide.Module.Admin_Allmodule" time="6.473">
    <system-out><![CDATA[Test Passed: Support_Management
Test Started: Features
[INFO ] 2025-07-17 15:00:06.917 [main] Baseclass - Features page URL: https://app.milkride.com/admin/features/list
[INFO ] 2025-07-17 15:00:06.950 [main] Baseclass - Features page sucefully open - Passed 
[INFO ] 2025-07-17 15:00:09.109 [main] Baseclass - Features Module Finish...click on dashborad
]]></system-out>
  </testcase>
  <testcase name="General_Setting" classname="com.Admin_MilkRide.Module.Admin_Allmodule" time="4.954">
    <failure message="The following asserts failed:&#10;	Error due to: element click intercepted: Element &lt;span class=&quot;menu-title&quot;&gt;...&lt;/span&gt; is not clickable at point (150, 148). Other element would receive the click: &lt;div class=&quot;menu-content&quot;&gt;...&lt;/div&gt;&#10;  (Session info: chrome=138.0.7204.101)&#10;Build info: version: &apos;4.33.0&apos;, revision: &apos;2c6aaad03a&apos;&#10;System info: os.name: &apos;Windows 10&apos;, os.arch: &apos;amd64&apos;, os.version: &apos;10.0&apos;, java.version: &apos;21.0.6&apos;&#10;Driver info: org.openqa.selenium.chrome.ChromeDriver&#10;Command: [00e9febe2ddd6d3036873a229602b4e0, clickElement {id=f.0A506C196C50B4E8FACC51D28BA0D751.d.7CD615093FA9F51B643E507D8EC82EAC.e.7551}]&#10;Capabilities {acceptInsecureCerts: false, browserName: chrome, browserVersion: 138.0.7204.101, chrome: {chromedriverVersion: 138.0.7204.157 (e533e98b126..., userDataDir: C:\Windows\SystemTemp\scope...}, fedcm:accounts: true, goog:chromeOptions: {debuggerAddress: localhost:55313}, networkConnectionEnabled: false, pageLoadStrategy: normal, platformName: windows, proxy: Proxy(), se:cdp: ws://localhost:55313/devtoo..., se:cdpVersion: 138.0.7204.101, setWindowRect: true, strictFileInteractability: false, timeouts: {implicit: 0, pageLoad: 300000, script: 30000}, unhandledPromptBehavior: dismiss and notify, webauthn:extension:credBlob: true, webauthn:extension:largeBlob: true, webauthn:extension:minPinLength: true, webauthn:extension:prf: true, webauthn:virtualAuthenticators: true}&#10;Element: [[ChromeDriver: chrome on windows (00e9febe2ddd6d3036873a229602b4e0)] -&gt; xpath: (//span[normalize-space()=&apos;Dashboard&apos;])[1]]&#10;Session ID: 00e9febe2ddd6d3036873a229602b4e0" type="java.lang.AssertionError"><![CDATA[java.lang.AssertionError: 
The following asserts failed:
	Error due to: element click intercepted: Element <span class="menu-title">...</span> is not clickable at point (150, 148). Other element would receive the click: <div class="menu-content">...</div>
  (Session info: chrome=138.0.7204.101)
Build info: version: '4.33.0', revision: '2c6aaad03a'
System info: os.name: 'Windows 10', os.arch: 'amd64', os.version: '10.0', java.version: '21.0.6'
Driver info: org.openqa.selenium.chrome.ChromeDriver
Command: [00e9febe2ddd6d3036873a229602b4e0, clickElement {id=f.0A506C196C50B4E8FACC51D28BA0D751.d.7CD615093FA9F51B643E507D8EC82EAC.e.7551}]
Capabilities {acceptInsecureCerts: false, browserName: chrome, browserVersion: 138.0.7204.101, chrome: {chromedriverVersion: 138.0.7204.157 (e533e98b126..., userDataDir: C:\Windows\SystemTemp\scope...}, fedcm:accounts: true, goog:chromeOptions: {debuggerAddress: localhost:55313}, networkConnectionEnabled: false, pageLoadStrategy: normal, platformName: windows, proxy: Proxy(), se:cdp: ws://localhost:55313/devtoo..., se:cdpVersion: 138.0.7204.101, setWindowRect: true, strictFileInteractability: false, timeouts: {implicit: 0, pageLoad: 300000, script: 30000}, unhandledPromptBehavior: dismiss and notify, webauthn:extension:credBlob: true, webauthn:extension:largeBlob: true, webauthn:extension:minPinLength: true, webauthn:extension:prf: true, webauthn:virtualAuthenticators: true}
Element: [[ChromeDriver: chrome on windows (00e9febe2ddd6d3036873a229602b4e0)] -> xpath: (//span[normalize-space()='Dashboard'])[1]]
Session ID: 00e9febe2ddd6d3036873a229602b4e0
	at org.testng.asserts.SoftAssert.assertAll(SoftAssert.java:46)
	at org.testng.asserts.SoftAssert.assertAll(SoftAssert.java:30)
	at com.Admin_MilkRide.Module.Admin_Allmodule.General_Setting(Admin_Allmodule.java:1852)
	at java.base/jdk.internal.reflect.DirectMethodHandleAccessor.invoke(DirectMethodHandleAccessor.java:103)
	at java.base/java.lang.reflect.Method.invoke(Method.java:580)
	at org.testng.internal.invokers.MethodInvocationHelper.invokeMethod(MethodInvocationHelper.java:141)
	at org.testng.internal.invokers.TestInvoker.invokeMethod(TestInvoker.java:686)
	at org.testng.internal.invokers.TestInvoker.invokeTestMethod(TestInvoker.java:230)
	at org.testng.internal.invokers.MethodRunner.runInSequence(MethodRunner.java:63)
	at org.testng.internal.invokers.TestInvoker$MethodInvocationAgent.invoke(TestInvoker.java:992)
	at org.testng.internal.invokers.TestInvoker.invokeTestMethods(TestInvoker.java:203)
	at org.testng.internal.invokers.TestMethodWorker.invokeTestMethods(TestMethodWorker.java:154)
	at org.testng.internal.invokers.TestMethodWorker.run(TestMethodWorker.java:134)
	at java.base/java.util.ArrayList.forEach(ArrayList.java:1596)
	at org.testng.TestRunner.privateRun(TestRunner.java:739)
	at org.testng.TestRunner.run(TestRunner.java:614)
	at org.testng.SuiteRunner.runTest(SuiteRunner.java:421)
	at org.testng.SuiteRunner.runSequentially(SuiteRunner.java:413)
	at org.testng.SuiteRunner.privateRun(SuiteRunner.java:373)
	at org.testng.SuiteRunner.run(SuiteRunner.java:312)
	at org.testng.SuiteRunnerWorker.runSuite(SuiteRunnerWorker.java:52)
	at org.testng.SuiteRunnerWorker.run(SuiteRunnerWorker.java:95)
	at org.testng.TestNG.runSuitesSequentially(TestNG.java:1274)
	at org.testng.TestNG.runSuitesLocally(TestNG.java:1208)
	at org.testng.TestNG.runSuites(TestNG.java:1112)
	at org.testng.TestNG.run(TestNG.java:1079)
	at org.apache.maven.surefire.testng.TestNGExecutor.run(TestNGExecutor.java:308)
	at org.apache.maven.surefire.testng.TestNGXmlTestSuite.execute(TestNGXmlTestSuite.java:71)
	at org.apache.maven.surefire.testng.TestNGProvider.invoke(TestNGProvider.java:113)
	at org.apache.maven.surefire.booter.ForkedBooter.runSuitesInProcess(ForkedBooter.java:385)
	at org.apache.maven.surefire.booter.ForkedBooter.execute(ForkedBooter.java:162)
	at org.apache.maven.surefire.booter.ForkedBooter.run(ForkedBooter.java:507)
	at org.apache.maven.surefire.booter.ForkedBooter.main(ForkedBooter.java:495)
]]></failure>
    <system-out><![CDATA[Test Passed: Features
Test Started: General_Setting
[INFO ] 2025-07-17 15:00:12.740 [main] Baseclass - General Setting page URL: https://app.milkride.com/admin/setting/12/general_settings
[INFO ] 2025-07-17 15:00:12.770 [main] Baseclass - General Setting page sucefully open - Passed 
[ERROR] 2025-07-17 15:00:13.898 [main] Baseclass - Exception occurred in General_Setting: element click intercepted: Element <span class="menu-title">...</span> is not clickable at point (150, 148). Other element would receive the click: <div class="menu-content">...</div>
  (Session info: chrome=138.0.7204.101)
Build info: version: '4.33.0', revision: '2c6aaad03a'
System info: os.name: 'Windows 10', os.arch: 'amd64', os.version: '10.0', java.version: '21.0.6'
Driver info: org.openqa.selenium.chrome.ChromeDriver
Command: [00e9febe2ddd6d3036873a229602b4e0, clickElement {id=f.0A506C196C50B4E8FACC51D28BA0D751.d.7CD615093FA9F51B643E507D8EC82EAC.e.7551}]
Capabilities {acceptInsecureCerts: false, browserName: chrome, browserVersion: 138.0.7204.101, chrome: {chromedriverVersion: 138.0.7204.157 (e533e98b126..., userDataDir: C:\Windows\SystemTemp\scope...}, fedcm:accounts: true, goog:chromeOptions: {debuggerAddress: localhost:55313}, networkConnectionEnabled: false, pageLoadStrategy: normal, platformName: windows, proxy: Proxy(), se:cdp: ws://localhost:55313/devtoo..., se:cdpVersion: 138.0.7204.101, setWindowRect: true, strictFileInteractability: false, timeouts: {implicit: 0, pageLoad: 300000, script: 30000}, unhandledPromptBehavior: dismiss and notify, webauthn:extension:credBlob: true, webauthn:extension:largeBlob: true, webauthn:extension:minPinLength: true, webauthn:extension:prf: true, webauthn:virtualAuthenticators: true}
Element: [[ChromeDriver: chrome on windows (00e9febe2ddd6d3036873a229602b4e0)] -> xpath: (//span[normalize-space()='Dashboard'])[1]]
Session ID: 00e9febe2ddd6d3036873a229602b4e0
]]></system-out>
    <system-err><![CDATA[org.openqa.selenium.ElementClickInterceptedException: element click intercepted: Element <span class="menu-title">...</span> is not clickable at point (150, 148). Other element would receive the click: <div class="menu-content">...</div>
  (Session info: chrome=138.0.7204.101)
Build info: version: '4.33.0', revision: '2c6aaad03a'
System info: os.name: 'Windows 10', os.arch: 'amd64', os.version: '10.0', java.version: '21.0.6'
Driver info: org.openqa.selenium.chrome.ChromeDriver
Command: [00e9febe2ddd6d3036873a229602b4e0, clickElement {id=f.0A506C196C50B4E8FACC51D28BA0D751.d.7CD615093FA9F51B643E507D8EC82EAC.e.7551}]
Capabilities {acceptInsecureCerts: false, browserName: chrome, browserVersion: 138.0.7204.101, chrome: {chromedriverVersion: 138.0.7204.157 (e533e98b126..., userDataDir: C:\Windows\SystemTemp\scope...}, fedcm:accounts: true, goog:chromeOptions: {debuggerAddress: localhost:55313}, networkConnectionEnabled: false, pageLoadStrategy: normal, platformName: windows, proxy: Proxy(), se:cdp: ws://localhost:55313/devtoo..., se:cdpVersion: 138.0.7204.101, setWindowRect: true, strictFileInteractability: false, timeouts: {implicit: 0, pageLoad: 300000, script: 30000}, unhandledPromptBehavior: dismiss and notify, webauthn:extension:credBlob: true, webauthn:extension:largeBlob: true, webauthn:extension:minPinLength: true, webauthn:extension:prf: true, webauthn:virtualAuthenticators: true}
Element: [[ChromeDriver: chrome on windows (00e9febe2ddd6d3036873a229602b4e0)] -> xpath: (//span[normalize-space()='Dashboard'])[1]]
Session ID: 00e9febe2ddd6d3036873a229602b4e0
	at java.base/jdk.internal.reflect.DirectConstructorHandleAccessor.newInstance(DirectConstructorHandleAccessor.java:62)
	at java.base/java.lang.reflect.Constructor.newInstanceWithCaller(Constructor.java:502)
	at java.base/java.lang.reflect.Constructor.newInstance(Constructor.java:486)
	at org.openqa.selenium.remote.ErrorCodec.decode(ErrorCodec.java:167)
	at org.openqa.selenium.remote.codec.w3c.W3CHttpResponseCodec.decode(W3CHttpResponseCodec.java:138)
	at org.openqa.selenium.remote.codec.w3c.W3CHttpResponseCodec.decode(W3CHttpResponseCodec.java:50)
	at org.openqa.selenium.remote.HttpCommandExecutor.execute(HttpCommandExecutor.java:215)
	at org.openqa.selenium.remote.service.DriverCommandExecutor.invokeExecute(DriverCommandExecutor.java:216)
	at org.openqa.selenium.remote.service.DriverCommandExecutor.execute(DriverCommandExecutor.java:174)
	at org.openqa.selenium.remote.RemoteWebDriver.execute(RemoteWebDriver.java:544)
	at org.openqa.selenium.remote.RemoteWebElement.execute(RemoteWebElement.java:223)
	at org.openqa.selenium.remote.RemoteWebElement.click(RemoteWebElement.java:76)
	at java.base/jdk.internal.reflect.DirectMethodHandleAccessor.invoke(DirectMethodHandleAccessor.java:103)
	at java.base/java.lang.reflect.Method.invoke(Method.java:580)
	at org.openqa.selenium.support.pagefactory.internal.LocatingElementHandler.invoke(LocatingElementHandler.java:51)
	at jdk.proxy2/jdk.proxy2.$Proxy29.click(Unknown Source)
	at com.Admin_MilkRide.pagobject.dashbordpage.clickdashbord(dashbordpage.java:104)
	at com.Admin_MilkRide.Module.Admin_Allmodule.General_Setting(Admin_Allmodule.java:1820)
	at java.base/jdk.internal.reflect.DirectMethodHandleAccessor.invoke(DirectMethodHandleAccessor.java:103)
	at java.base/java.lang.reflect.Method.invoke(Method.java:580)
	at org.testng.internal.invokers.MethodInvocationHelper.invokeMethod(MethodInvocationHelper.java:141)
	at org.testng.internal.invokers.TestInvoker.invokeMethod(TestInvoker.java:686)
	at org.testng.internal.invokers.TestInvoker.invokeTestMethod(TestInvoker.java:230)
	at org.testng.internal.invokers.MethodRunner.runInSequence(MethodRunner.java:63)
	at org.testng.internal.invokers.TestInvoker$MethodInvocationAgent.invoke(TestInvoker.java:992)
	at org.testng.internal.invokers.TestInvoker.invokeTestMethods(TestInvoker.java:203)
	at org.testng.internal.invokers.TestMethodWorker.invokeTestMethods(TestMethodWorker.java:154)
	at org.testng.internal.invokers.TestMethodWorker.run(TestMethodWorker.java:134)
	at java.base/java.util.ArrayList.forEach(ArrayList.java:1596)
	at org.testng.TestRunner.privateRun(TestRunner.java:739)
	at org.testng.TestRunner.run(TestRunner.java:614)
	at org.testng.SuiteRunner.runTest(SuiteRunner.java:421)
	at org.testng.SuiteRunner.runSequentially(SuiteRunner.java:413)
	at org.testng.SuiteRunner.privateRun(SuiteRunner.java:373)
	at org.testng.SuiteRunner.run(SuiteRunner.java:312)
	at org.testng.SuiteRunnerWorker.runSuite(SuiteRunnerWorker.java:52)
	at org.testng.SuiteRunnerWorker.run(SuiteRunnerWorker.java:95)
	at org.testng.TestNG.runSuitesSequentially(TestNG.java:1274)
	at org.testng.TestNG.runSuitesLocally(TestNG.java:1208)
	at org.testng.TestNG.runSuites(TestNG.java:1112)
	at org.testng.TestNG.run(TestNG.java:1079)
	at org.apache.maven.surefire.testng.TestNGExecutor.run(TestNGExecutor.java:308)
	at org.apache.maven.surefire.testng.TestNGXmlTestSuite.execute(TestNGXmlTestSuite.java:71)
	at org.apache.maven.surefire.testng.TestNGProvider.invoke(TestNGProvider.java:113)
	at org.apache.maven.surefire.booter.ForkedBooter.runSuitesInProcess(ForkedBooter.java:385)
	at org.apache.maven.surefire.booter.ForkedBooter.execute(ForkedBooter.java:162)
	at org.apache.maven.surefire.booter.ForkedBooter.run(ForkedBooter.java:507)
	at org.apache.maven.surefire.booter.ForkedBooter.main(ForkedBooter.java:495)
]]></system-err>
  </testcase>
  <testcase name="Manage_CMS_Pages" classname="com.Admin_MilkRide.Module.Admin_Allmodule" time="3.555">
    <system-out><![CDATA[Test Failed: General_Setting
Test Started: Manage_CMS_Pages
[INFO ] 2025-07-17 15:00:16.583 [main] Baseclass - Manage CMS page URL: https://app.milkride.com/admin/setting/12/cms_pages
[INFO ] 2025-07-17 15:00:16.610 [main] Baseclass - Manage CMS page sucefully open - Passed 
[INFO ] 2025-07-17 15:00:17.842 [main] Baseclass - Manage_CMS_Pages Module Finish...click on dashborad
]]></system-out>
  </testcase>
  <testcase name="Site_Management" classname="com.Admin_MilkRide.Module.Admin_Allmodule" time="5.386">
    <system-out><![CDATA[Test Passed: Manage_CMS_Pages
Test Started: Site_Management
[INFO ] 2025-07-17 15:00:22.042 [main] Baseclass - Site Management page URL: https://app.milkride.com/admin/config/11/edit
[INFO ] 2025-07-17 15:00:22.074 [main] Baseclass - Site Management page sucefully open - Passed 
[INFO ] 2025-07-17 15:00:23.237 [main] Baseclass - Site_Management Module Finish...click on dashborad
]]></system-out>
  </testcase>
  <testcase name="LoginwithMobilenumberer" classname="com.FrontEnd_MilkRide.Module.Frontend_Functionality" time="21.836">
    <failure message="The following asserts failed:&#10;	Error due to: no such element: Unable to locate element: {&quot;method&quot;:&quot;xpath&quot;,&quot;selector&quot;:&quot;//a[normalize-space()=&apos;Home&apos;]&quot;}&#10;  (Session info: chrome=138.0.7204.101)&#10;For documentation on this error, please visit: https://www.selenium.dev/documentation/webdriver/troubleshooting/errors#no-such-element-exception&#10;Build info: version: &apos;4.33.0&apos;, revision: &apos;2c6aaad03a&apos;&#10;System info: os.name: &apos;Windows 10&apos;, os.arch: &apos;amd64&apos;, os.version: &apos;10.0&apos;, java.version: &apos;21.0.6&apos;&#10;Driver info: org.openqa.selenium.chrome.ChromeDriver&#10;Command: [948b9418de55e40a1851d554680a0d45, findElement {value=//a[normalize-space()=&apos;Home&apos;], using=xpath}]&#10;Capabilities {acceptInsecureCerts: false, browserName: chrome, browserVersion: 138.0.7204.101, chrome: {chromedriverVersion: 138.0.7204.157 (e533e98b126..., userDataDir: C:\Windows\SystemTemp\scope...}, fedcm:accounts: true, goog:chromeOptions: {debuggerAddress: localhost:55448}, networkConnectionEnabled: false, pageLoadStrategy: normal, platformName: windows, proxy: Proxy(), se:cdp: ws://localhost:55448/devtoo..., se:cdpVersion: 138.0.7204.101, setWindowRect: true, strictFileInteractability: false, timeouts: {implicit: 0, pageLoad: 300000, script: 30000}, unhandledPromptBehavior: dismiss and notify, webauthn:extension:credBlob: true, webauthn:extension:largeBlob: true, webauthn:extension:minPinLength: true, webauthn:extension:prf: true, webauthn:virtualAuthenticators: true}&#10;Session ID: 948b9418de55e40a1851d554680a0d45" type="java.lang.AssertionError"><![CDATA[java.lang.AssertionError: 
The following asserts failed:
	Error due to: no such element: Unable to locate element: {"method":"xpath","selector":"//a[normalize-space()='Home']"}
  (Session info: chrome=138.0.7204.101)
For documentation on this error, please visit: https://www.selenium.dev/documentation/webdriver/troubleshooting/errors#no-such-element-exception
Build info: version: '4.33.0', revision: '2c6aaad03a'
System info: os.name: 'Windows 10', os.arch: 'amd64', os.version: '10.0', java.version: '21.0.6'
Driver info: org.openqa.selenium.chrome.ChromeDriver
Command: [948b9418de55e40a1851d554680a0d45, findElement {value=//a[normalize-space()='Home'], using=xpath}]
Capabilities {acceptInsecureCerts: false, browserName: chrome, browserVersion: 138.0.7204.101, chrome: {chromedriverVersion: 138.0.7204.157 (e533e98b126..., userDataDir: C:\Windows\SystemTemp\scope...}, fedcm:accounts: true, goog:chromeOptions: {debuggerAddress: localhost:55448}, networkConnectionEnabled: false, pageLoadStrategy: normal, platformName: windows, proxy: Proxy(), se:cdp: ws://localhost:55448/devtoo..., se:cdpVersion: 138.0.7204.101, setWindowRect: true, strictFileInteractability: false, timeouts: {implicit: 0, pageLoad: 300000, script: 30000}, unhandledPromptBehavior: dismiss and notify, webauthn:extension:credBlob: true, webauthn:extension:largeBlob: true, webauthn:extension:minPinLength: true, webauthn:extension:prf: true, webauthn:virtualAuthenticators: true}
Session ID: 948b9418de55e40a1851d554680a0d45
	at org.testng.asserts.SoftAssert.assertAll(SoftAssert.java:46)
	at org.testng.asserts.SoftAssert.assertAll(SoftAssert.java:30)
	at com.FrontEnd_MilkRide.Module.Frontend_Functionality.LoginwithMobilenumberer(Frontend_Functionality.java:117)
	at java.base/jdk.internal.reflect.DirectMethodHandleAccessor.invoke(DirectMethodHandleAccessor.java:103)
	at java.base/java.lang.reflect.Method.invoke(Method.java:580)
	at org.testng.internal.invokers.MethodInvocationHelper.invokeMethod(MethodInvocationHelper.java:141)
	at org.testng.internal.invokers.TestInvoker.invokeMethod(TestInvoker.java:686)
	at org.testng.internal.invokers.TestInvoker.invokeTestMethod(TestInvoker.java:230)
	at org.testng.internal.invokers.MethodRunner.runInSequence(MethodRunner.java:63)
	at org.testng.internal.invokers.TestInvoker$MethodInvocationAgent.invoke(TestInvoker.java:992)
	at org.testng.internal.invokers.TestInvoker.invokeTestMethods(TestInvoker.java:203)
	at org.testng.internal.invokers.TestMethodWorker.invokeTestMethods(TestMethodWorker.java:154)
	at org.testng.internal.invokers.TestMethodWorker.run(TestMethodWorker.java:134)
	at java.base/java.util.ArrayList.forEach(ArrayList.java:1596)
	at org.testng.TestRunner.privateRun(TestRunner.java:739)
	at org.testng.TestRunner.run(TestRunner.java:614)
	at org.testng.SuiteRunner.runTest(SuiteRunner.java:421)
	at org.testng.SuiteRunner.runSequentially(SuiteRunner.java:413)
	at org.testng.SuiteRunner.privateRun(SuiteRunner.java:373)
	at org.testng.SuiteRunner.run(SuiteRunner.java:312)
	at org.testng.SuiteRunnerWorker.runSuite(SuiteRunnerWorker.java:52)
	at org.testng.SuiteRunnerWorker.run(SuiteRunnerWorker.java:95)
	at org.testng.TestNG.runSuitesSequentially(TestNG.java:1274)
	at org.testng.TestNG.runSuitesLocally(TestNG.java:1208)
	at org.testng.TestNG.runSuites(TestNG.java:1112)
	at org.testng.TestNG.run(TestNG.java:1079)
	at org.apache.maven.surefire.testng.TestNGExecutor.run(TestNGExecutor.java:308)
	at org.apache.maven.surefire.testng.TestNGXmlTestSuite.execute(TestNGXmlTestSuite.java:71)
	at org.apache.maven.surefire.testng.TestNGProvider.invoke(TestNGProvider.java:113)
	at org.apache.maven.surefire.booter.ForkedBooter.runSuitesInProcess(ForkedBooter.java:385)
	at org.apache.maven.surefire.booter.ForkedBooter.execute(ForkedBooter.java:162)
	at org.apache.maven.surefire.booter.ForkedBooter.run(ForkedBooter.java:507)
	at org.apache.maven.surefire.booter.ForkedBooter.main(ForkedBooter.java:495)
]]></failure>
    <system-out><![CDATA[Test Passed: Site_Management
[INFO ] 2025-07-17 15:00:30.700 [main] FrontEnd_BassClass - Url Open
Test Started: LoginwithMobilenumberer
[INFO ] 2025-07-17 15:00:32.379 [main] FrontEnd_BassClass - OTP Verification Text: OTP Verification 3885
[INFO ] 2025-07-17 15:00:32.379 [main] FrontEnd_BassClass - OTP Verification page opened successfully - Passed
Submit button not clickable: Expected condition failed: waiting for element to be clickable: [[ChromeDriver: chrome on windows (948b9418de55e40a1851d554680a0d45)] -> id: submitButton] (tried for 10 second(s) with 500 milliseconds interval)
Build info: version: '4.33.0', revision: '2c6aaad03a'
System info: os.name: 'Windows 10', os.arch: 'amd64', os.version: '10.0', java.version: '21.0.6'
Driver info: org.openqa.selenium.chrome.ChromeDriver
Capabilities {acceptInsecureCerts: false, browserName: chrome, browserVersion: 138.0.7204.101, chrome: {chromedriverVersion: 138.0.7204.157 (e533e98b126..., userDataDir: C:\Windows\SystemTemp\scope...}, fedcm:accounts: true, goog:chromeOptions: {debuggerAddress: localhost:55448}, networkConnectionEnabled: false, pageLoadStrategy: normal, platformName: windows, proxy: Proxy(), se:cdp: ws://localhost:55448/devtoo..., se:cdpVersion: 138.0.7204.101, setWindowRect: true, strictFileInteractability: false, timeouts: {implicit: 0, pageLoad: 300000, script: 30000}, unhandledPromptBehavior: dismiss and notify, webauthn:extension:credBlob: true, webauthn:extension:largeBlob: true, webauthn:extension:minPinLength: true, webauthn:extension:prf: true, webauthn:virtualAuthenticators: true}
Session ID: 948b9418de55e40a1851d554680a0d45
[INFO ] 2025-07-17 15:00:42.443 [main] FrontEnd_BassClass - Clicked on submit button after entering mobile number.
[ERROR] 2025-07-17 15:00:52.467 [main] FrontEnd_BassClass - Exception occurred in LoginwithMobilenumberer: no such element: Unable to locate element: {"method":"xpath","selector":"//a[normalize-space()='Home']"}
  (Session info: chrome=138.0.7204.101)
For documentation on this error, please visit: https://www.selenium.dev/documentation/webdriver/troubleshooting/errors#no-such-element-exception
Build info: version: '4.33.0', revision: '2c6aaad03a'
System info: os.name: 'Windows 10', os.arch: 'amd64', os.version: '10.0', java.version: '21.0.6'
Driver info: org.openqa.selenium.chrome.ChromeDriver
Command: [948b9418de55e40a1851d554680a0d45, findElement {value=//a[normalize-space()='Home'], using=xpath}]
Capabilities {acceptInsecureCerts: false, browserName: chrome, browserVersion: 138.0.7204.101, chrome: {chromedriverVersion: 138.0.7204.157 (e533e98b126..., userDataDir: C:\Windows\SystemTemp\scope...}, fedcm:accounts: true, goog:chromeOptions: {debuggerAddress: localhost:55448}, networkConnectionEnabled: false, pageLoadStrategy: normal, platformName: windows, proxy: Proxy(), se:cdp: ws://localhost:55448/devtoo..., se:cdpVersion: 138.0.7204.101, setWindowRect: true, strictFileInteractability: false, timeouts: {implicit: 0, pageLoad: 300000, script: 30000}, unhandledPromptBehavior: dismiss and notify, webauthn:extension:credBlob: true, webauthn:extension:largeBlob: true, webauthn:extension:minPinLength: true, webauthn:extension:prf: true, webauthn:virtualAuthenticators: true}
Session ID: 948b9418de55e40a1851d554680a0d45
]]></system-out>
    <system-err><![CDATA[Jul 17, 2025 3:00:23 PM org.openqa.selenium.remote.http.WebSocket$Listener onError
WARNING: Connection reset
java.net.SocketException: Connection reset
	at java.base/sun.nio.ch.SocketChannelImpl.throwConnectionReset(SocketChannelImpl.java:401)
	at java.base/sun.nio.ch.SocketChannelImpl.read(SocketChannelImpl.java:434)
	at java.net.http/jdk.internal.net.http.SocketTube.readAvailable(SocketTube.java:1178)
	at java.net.http/jdk.internal.net.http.SocketTube$InternalReadPublisher$InternalReadSubscription.read(SocketTube.java:841)
	at java.net.http/jdk.internal.net.http.SocketTube$SocketFlowTask.run(SocketTube.java:181)
	at java.net.http/jdk.internal.net.http.common.SequentialScheduler$SchedulableTask.run(SequentialScheduler.java:207)
	at java.net.http/jdk.internal.net.http.common.SequentialScheduler.runOrSchedule(SequentialScheduler.java:280)
	at java.net.http/jdk.internal.net.http.common.SequentialScheduler.runOrSchedule(SequentialScheduler.java:233)
	at java.net.http/jdk.internal.net.http.SocketTube$InternalReadPublisher$InternalReadSubscription.signalReadable(SocketTube.java:782)
	at java.net.http/jdk.internal.net.http.SocketTube$InternalReadPublisher$ReadEvent.signalEvent(SocketTube.java:965)
	at java.net.http/jdk.internal.net.http.SocketTube$SocketFlowEvent.handle(SocketTube.java:253)
	at java.net.http/jdk.internal.net.http.HttpClientImpl$SelectorManager.handleEvent(HttpClientImpl.java:1469)
	at java.net.http/jdk.internal.net.http.HttpClientImpl$SelectorManager.lambda$run$3(HttpClientImpl.java:1414)
	at java.base/java.util.ArrayList.forEach(ArrayList.java:1596)
	at java.net.http/jdk.internal.net.http.HttpClientImpl$SelectorManager.run(HttpClientImpl.java:1414)

Jul 17, 2025 3:00:27 PM org.openqa.selenium.devtools.CdpVersionFinder findNearestMatch
WARNING: Unable to find an exact match for CDP version 138, returning the closest version; found: 137; Please update to a Selenium version that supports CDP version 138
org.openqa.selenium.NoSuchElementException: no such element: Unable to locate element: {"method":"xpath","selector":"//a[normalize-space()='Home']"}
  (Session info: chrome=138.0.7204.101)
For documentation on this error, please visit: https://www.selenium.dev/documentation/webdriver/troubleshooting/errors#no-such-element-exception
Build info: version: '4.33.0', revision: '2c6aaad03a'
System info: os.name: 'Windows 10', os.arch: 'amd64', os.version: '10.0', java.version: '21.0.6'
Driver info: org.openqa.selenium.chrome.ChromeDriver
Command: [948b9418de55e40a1851d554680a0d45, findElement {value=//a[normalize-space()='Home'], using=xpath}]
Capabilities {acceptInsecureCerts: false, browserName: chrome, browserVersion: 138.0.7204.101, chrome: {chromedriverVersion: 138.0.7204.157 (e533e98b126..., userDataDir: C:\Windows\SystemTemp\scope...}, fedcm:accounts: true, goog:chromeOptions: {debuggerAddress: localhost:55448}, networkConnectionEnabled: false, pageLoadStrategy: normal, platformName: windows, proxy: Proxy(), se:cdp: ws://localhost:55448/devtoo..., se:cdpVersion: 138.0.7204.101, setWindowRect: true, strictFileInteractability: false, timeouts: {implicit: 0, pageLoad: 300000, script: 30000}, unhandledPromptBehavior: dismiss and notify, webauthn:extension:credBlob: true, webauthn:extension:largeBlob: true, webauthn:extension:minPinLength: true, webauthn:extension:prf: true, webauthn:virtualAuthenticators: true}
Session ID: 948b9418de55e40a1851d554680a0d45
	at java.base/jdk.internal.reflect.DirectConstructorHandleAccessor.newInstance(DirectConstructorHandleAccessor.java:62)
	at java.base/java.lang.reflect.Constructor.newInstanceWithCaller(Constructor.java:502)
	at java.base/java.lang.reflect.Constructor.newInstance(Constructor.java:486)
	at org.openqa.selenium.remote.ErrorCodec.decode(ErrorCodec.java:167)
	at org.openqa.selenium.remote.codec.w3c.W3CHttpResponseCodec.decode(W3CHttpResponseCodec.java:138)
	at org.openqa.selenium.remote.codec.w3c.W3CHttpResponseCodec.decode(W3CHttpResponseCodec.java:50)
	at org.openqa.selenium.remote.HttpCommandExecutor.execute(HttpCommandExecutor.java:215)
	at org.openqa.selenium.remote.service.DriverCommandExecutor.invokeExecute(DriverCommandExecutor.java:216)
	at org.openqa.selenium.remote.service.DriverCommandExecutor.execute(DriverCommandExecutor.java:174)
	at org.openqa.selenium.remote.RemoteWebDriver.execute(RemoteWebDriver.java:544)
	at org.openqa.selenium.remote.ElementLocation$ElementFinder$2.findElement(ElementLocation.java:165)
	at org.openqa.selenium.remote.ElementLocation.findElement(ElementLocation.java:59)
	at org.openqa.selenium.remote.RemoteWebDriver.findElement(RemoteWebDriver.java:367)
	at org.openqa.selenium.remote.RemoteWebDriver.findElement(RemoteWebDriver.java:361)
	at org.openqa.selenium.support.pagefactory.DefaultElementLocator.findElement(DefaultElementLocator.java:68)
	at org.openqa.selenium.support.pagefactory.internal.LocatingElementHandler.invoke(LocatingElementHandler.java:38)
	at jdk.proxy2/jdk.proxy2.$Proxy29.getText(Unknown Source)
	at com.FrontEnd_MilkRide.PageObject.Index_Page.getHometext(Index_Page.java:20)
	at com.FrontEnd_MilkRide.Module.Frontend_Functionality.LoginwithMobilenumberer(Frontend_Functionality.java:51)
	at java.base/jdk.internal.reflect.DirectMethodHandleAccessor.invoke(DirectMethodHandleAccessor.java:103)
	at java.base/java.lang.reflect.Method.invoke(Method.java:580)
	at org.testng.internal.invokers.MethodInvocationHelper.invokeMethod(MethodInvocationHelper.java:141)
	at org.testng.internal.invokers.TestInvoker.invokeMethod(TestInvoker.java:686)
	at org.testng.internal.invokers.TestInvoker.invokeTestMethod(TestInvoker.java:230)
	at org.testng.internal.invokers.MethodRunner.runInSequence(MethodRunner.java:63)
	at org.testng.internal.invokers.TestInvoker$MethodInvocationAgent.invoke(TestInvoker.java:992)
	at org.testng.internal.invokers.TestInvoker.invokeTestMethods(TestInvoker.java:203)
	at org.testng.internal.invokers.TestMethodWorker.invokeTestMethods(TestMethodWorker.java:154)
	at org.testng.internal.invokers.TestMethodWorker.run(TestMethodWorker.java:134)
	at java.base/java.util.ArrayList.forEach(ArrayList.java:1596)
	at org.testng.TestRunner.privateRun(TestRunner.java:739)
	at org.testng.TestRunner.run(TestRunner.java:614)
	at org.testng.SuiteRunner.runTest(SuiteRunner.java:421)
	at org.testng.SuiteRunner.runSequentially(SuiteRunner.java:413)
	at org.testng.SuiteRunner.privateRun(SuiteRunner.java:373)
	at org.testng.SuiteRunner.run(SuiteRunner.java:312)
	at org.testng.SuiteRunnerWorker.runSuite(SuiteRunnerWorker.java:52)
	at org.testng.SuiteRunnerWorker.run(SuiteRunnerWorker.java:95)
	at org.testng.TestNG.runSuitesSequentially(TestNG.java:1274)
	at org.testng.TestNG.runSuitesLocally(TestNG.java:1208)
	at org.testng.TestNG.runSuites(TestNG.java:1112)
	at org.testng.TestNG.run(TestNG.java:1079)
	at org.apache.maven.surefire.testng.TestNGExecutor.run(TestNGExecutor.java:308)
	at org.apache.maven.surefire.testng.TestNGXmlTestSuite.execute(TestNGXmlTestSuite.java:71)
	at org.apache.maven.surefire.testng.TestNGProvider.invoke(TestNGProvider.java:113)
	at org.apache.maven.surefire.booter.ForkedBooter.runSuitesInProcess(ForkedBooter.java:385)
	at org.apache.maven.surefire.booter.ForkedBooter.execute(ForkedBooter.java:162)
	at org.apache.maven.surefire.booter.ForkedBooter.run(ForkedBooter.java:507)
	at org.apache.maven.surefire.booter.ForkedBooter.main(ForkedBooter.java:495)
]]></system-err>
  </testcase>
  <testcase name="Buy_Once_Order_Morning" classname="com.FrontEnd_MilkRide.Module.Frontend_Functionality" time="10.124">
    <failure message="The following asserts failed:&#10;	Error due to: no such element: Unable to locate element: {&quot;method&quot;:&quot;xpath&quot;,&quot;selector&quot;:&quot;//a[normalize-space()=&apos;All Products&apos;]&quot;}&#10;  (Session info: chrome=138.0.7204.101)&#10;For documentation on this error, please visit: https://www.selenium.dev/documentation/webdriver/troubleshooting/errors#no-such-element-exception&#10;Build info: version: &apos;4.33.0&apos;, revision: &apos;2c6aaad03a&apos;&#10;System info: os.name: &apos;Windows 10&apos;, os.arch: &apos;amd64&apos;, os.version: &apos;10.0&apos;, java.version: &apos;21.0.6&apos;&#10;Driver info: org.openqa.selenium.chrome.ChromeDriver&#10;Command: [948b9418de55e40a1851d554680a0d45, findElement {value=//a[normalize-space()=&apos;All Products&apos;], using=xpath}]&#10;Capabilities {acceptInsecureCerts: false, browserName: chrome, browserVersion: 138.0.7204.101, chrome: {chromedriverVersion: 138.0.7204.157 (e533e98b126..., userDataDir: C:\Windows\SystemTemp\scope...}, fedcm:accounts: true, goog:chromeOptions: {debuggerAddress: localhost:55448}, networkConnectionEnabled: false, pageLoadStrategy: normal, platformName: windows, proxy: Proxy(), se:cdp: ws://localhost:55448/devtoo..., se:cdpVersion: 138.0.7204.101, setWindowRect: true, strictFileInteractability: false, timeouts: {implicit: 0, pageLoad: 300000, script: 30000}, unhandledPromptBehavior: dismiss and notify, webauthn:extension:credBlob: true, webauthn:extension:largeBlob: true, webauthn:extension:minPinLength: true, webauthn:extension:prf: true, webauthn:virtualAuthenticators: true}&#10;Session ID: 948b9418de55e40a1851d554680a0d45" type="java.lang.AssertionError"><![CDATA[java.lang.AssertionError: 
The following asserts failed:
	Error due to: no such element: Unable to locate element: {"method":"xpath","selector":"//a[normalize-space()='All Products']"}
  (Session info: chrome=138.0.7204.101)
For documentation on this error, please visit: https://www.selenium.dev/documentation/webdriver/troubleshooting/errors#no-such-element-exception
Build info: version: '4.33.0', revision: '2c6aaad03a'
System info: os.name: 'Windows 10', os.arch: 'amd64', os.version: '10.0', java.version: '21.0.6'
Driver info: org.openqa.selenium.chrome.ChromeDriver
Command: [948b9418de55e40a1851d554680a0d45, findElement {value=//a[normalize-space()='All Products'], using=xpath}]
Capabilities {acceptInsecureCerts: false, browserName: chrome, browserVersion: 138.0.7204.101, chrome: {chromedriverVersion: 138.0.7204.157 (e533e98b126..., userDataDir: C:\Windows\SystemTemp\scope...}, fedcm:accounts: true, goog:chromeOptions: {debuggerAddress: localhost:55448}, networkConnectionEnabled: false, pageLoadStrategy: normal, platformName: windows, proxy: Proxy(), se:cdp: ws://localhost:55448/devtoo..., se:cdpVersion: 138.0.7204.101, setWindowRect: true, strictFileInteractability: false, timeouts: {implicit: 0, pageLoad: 300000, script: 30000}, unhandledPromptBehavior: dismiss and notify, webauthn:extension:credBlob: true, webauthn:extension:largeBlob: true, webauthn:extension:minPinLength: true, webauthn:extension:prf: true, webauthn:virtualAuthenticators: true}
Session ID: 948b9418de55e40a1851d554680a0d45
	at org.testng.asserts.SoftAssert.assertAll(SoftAssert.java:46)
	at org.testng.asserts.SoftAssert.assertAll(SoftAssert.java:30)
	at com.FrontEnd_MilkRide.Module.Frontend_Functionality.Buy_Once_Order_Morning(Frontend_Functionality.java:176)
	at java.base/jdk.internal.reflect.DirectMethodHandleAccessor.invoke(DirectMethodHandleAccessor.java:103)
	at java.base/java.lang.reflect.Method.invoke(Method.java:580)
	at org.testng.internal.invokers.MethodInvocationHelper.invokeMethod(MethodInvocationHelper.java:141)
	at org.testng.internal.invokers.TestInvoker.invokeMethod(TestInvoker.java:686)
	at org.testng.internal.invokers.TestInvoker.invokeTestMethod(TestInvoker.java:230)
	at org.testng.internal.invokers.MethodRunner.runInSequence(MethodRunner.java:63)
	at org.testng.internal.invokers.TestInvoker$MethodInvocationAgent.invoke(TestInvoker.java:992)
	at org.testng.internal.invokers.TestInvoker.invokeTestMethods(TestInvoker.java:203)
	at org.testng.internal.invokers.TestMethodWorker.invokeTestMethods(TestMethodWorker.java:154)
	at org.testng.internal.invokers.TestMethodWorker.run(TestMethodWorker.java:134)
	at java.base/java.util.ArrayList.forEach(ArrayList.java:1596)
	at org.testng.TestRunner.privateRun(TestRunner.java:739)
	at org.testng.TestRunner.run(TestRunner.java:614)
	at org.testng.SuiteRunner.runTest(SuiteRunner.java:421)
	at org.testng.SuiteRunner.runSequentially(SuiteRunner.java:413)
	at org.testng.SuiteRunner.privateRun(SuiteRunner.java:373)
	at org.testng.SuiteRunner.run(SuiteRunner.java:312)
	at org.testng.SuiteRunnerWorker.runSuite(SuiteRunnerWorker.java:52)
	at org.testng.SuiteRunnerWorker.run(SuiteRunnerWorker.java:95)
	at org.testng.TestNG.runSuitesSequentially(TestNG.java:1274)
	at org.testng.TestNG.runSuitesLocally(TestNG.java:1208)
	at org.testng.TestNG.runSuites(TestNG.java:1112)
	at org.testng.TestNG.run(TestNG.java:1079)
	at org.apache.maven.surefire.testng.TestNGExecutor.run(TestNGExecutor.java:308)
	at org.apache.maven.surefire.testng.TestNGXmlTestSuite.execute(TestNGXmlTestSuite.java:71)
	at org.apache.maven.surefire.testng.TestNGProvider.invoke(TestNGProvider.java:113)
	at org.apache.maven.surefire.booter.ForkedBooter.runSuitesInProcess(ForkedBooter.java:385)
	at org.apache.maven.surefire.booter.ForkedBooter.execute(ForkedBooter.java:162)
	at org.apache.maven.surefire.booter.ForkedBooter.run(ForkedBooter.java:507)
	at org.apache.maven.surefire.booter.ForkedBooter.main(ForkedBooter.java:495)
]]></failure>
    <system-out><![CDATA[Test Failed: LoginwithMobilenumberer
Test Started: Buy_Once_Order_Morning
[ERROR] 2025-07-17 15:01:02.620 [main] FrontEnd_BassClass - Exception occurred in Buy_Once_Order_Morning: no such element: Unable to locate element: {"method":"xpath","selector":"//a[normalize-space()='All Products']"}
  (Session info: chrome=138.0.7204.101)
For documentation on this error, please visit: https://www.selenium.dev/documentation/webdriver/troubleshooting/errors#no-such-element-exception
Build info: version: '4.33.0', revision: '2c6aaad03a'
System info: os.name: 'Windows 10', os.arch: 'amd64', os.version: '10.0', java.version: '21.0.6'
Driver info: org.openqa.selenium.chrome.ChromeDriver
Command: [948b9418de55e40a1851d554680a0d45, findElement {value=//a[normalize-space()='All Products'], using=xpath}]
Capabilities {acceptInsecureCerts: false, browserName: chrome, browserVersion: 138.0.7204.101, chrome: {chromedriverVersion: 138.0.7204.157 (e533e98b126..., userDataDir: C:\Windows\SystemTemp\scope...}, fedcm:accounts: true, goog:chromeOptions: {debuggerAddress: localhost:55448}, networkConnectionEnabled: false, pageLoadStrategy: normal, platformName: windows, proxy: Proxy(), se:cdp: ws://localhost:55448/devtoo..., se:cdpVersion: 138.0.7204.101, setWindowRect: true, strictFileInteractability: false, timeouts: {implicit: 0, pageLoad: 300000, script: 30000}, unhandledPromptBehavior: dismiss and notify, webauthn:extension:credBlob: true, webauthn:extension:largeBlob: true, webauthn:extension:minPinLength: true, webauthn:extension:prf: true, webauthn:virtualAuthenticators: true}
Session ID: 948b9418de55e40a1851d554680a0d45
]]></system-out>
    <system-err><![CDATA[org.openqa.selenium.NoSuchSessionException: Session ID is null. Using WebDriver after calling quit()?
Build info: version: '4.33.0', revision: '2c6aaad03a'
System info: os.name: 'Windows 10', os.arch: 'amd64', os.version: '10.0', java.version: '21.0.6'
Driver info: org.openqa.selenium.chrome.ChromeDriver
Command: [null, screenshot {}]
Capabilities {acceptInsecureCerts: false, browserName: chrome, browserVersion: 138.0.7204.101, chrome: {chromedriverVersion: 138.0.7204.157 (e533e98b126..., userDataDir: C:\Windows\SystemTemp\scope...}, fedcm:accounts: true, goog:chromeOptions: {debuggerAddress: localhost:55313}, networkConnectionEnabled: false, pageLoadStrategy: normal, platformName: windows, proxy: Proxy(), se:cdp: ws://localhost:55313/devtoo..., se:cdpVersion: 138.0.7204.101, setWindowRect: true, strictFileInteractability: false, timeouts: {implicit: 0, pageLoad: 300000, script: 30000}, unhandledPromptBehavior: dismiss and notify, webauthn:extension:credBlob: true, webauthn:extension:largeBlob: true, webauthn:extension:minPinLength: true, webauthn:extension:prf: true, webauthn:virtualAuthenticators: true}
	at org.openqa.selenium.remote.HttpCommandExecutor.execute(HttpCommandExecutor.java:176)
	at org.openqa.selenium.remote.service.DriverCommandExecutor.invokeExecute(DriverCommandExecutor.java:216)
	at org.openqa.selenium.remote.service.DriverCommandExecutor.execute(DriverCommandExecutor.java:174)
	at org.openqa.selenium.remote.RemoteWebDriver.execute(RemoteWebDriver.java:544)
	at org.openqa.selenium.remote.RemoteWebDriver.execute(RemoteWebDriver.java:617)
	at org.openqa.selenium.remote.RemoteWebDriver.execute(RemoteWebDriver.java:621)
	at org.openqa.selenium.remote.RemoteWebDriver.getScreenshotAs(RemoteWebDriver.java:333)
	at com.Admin_MilkRide.Module.Baseclass.captureScreenShot(Baseclass.java:88)
	at com.Admin_MilkRide.Utilities.ExtentListenerClass.onTestFailure(ExtentListenerClass.java:68)
	at org.testng.internal.TestListenerHelper.runTestListeners(TestListenerHelper.java:115)
	at org.testng.internal.invokers.TestInvoker.runTestResultListener(TestInvoker.java:285)
	at org.testng.internal.invokers.TestInvoker.invokeMethod(TestInvoker.java:774)
	at org.testng.internal.invokers.TestInvoker.invokeTestMethod(TestInvoker.java:230)
	at org.testng.internal.invokers.MethodRunner.runInSequence(MethodRunner.java:63)
	at org.testng.internal.invokers.TestInvoker$MethodInvocationAgent.invoke(TestInvoker.java:992)
	at org.testng.internal.invokers.TestInvoker.invokeTestMethods(TestInvoker.java:203)
	at org.testng.internal.invokers.TestMethodWorker.invokeTestMethods(TestMethodWorker.java:154)
	at org.testng.internal.invokers.TestMethodWorker.run(TestMethodWorker.java:134)
	at java.base/java.util.ArrayList.forEach(ArrayList.java:1596)
	at org.testng.TestRunner.privateRun(TestRunner.java:739)
	at org.testng.TestRunner.run(TestRunner.java:614)
	at org.testng.SuiteRunner.runTest(SuiteRunner.java:421)
[...]
	at org.openqa.selenium.remote.RemoteWebDriver.findElement(RemoteWebDriver.java:367)
	at org.openqa.selenium.remote.RemoteWebDriver.findElement(RemoteWebDriver.java:361)
	at org.openqa.selenium.support.pagefactory.DefaultElementLocator.findElement(DefaultElementLocator.java:68)
	at org.openqa.selenium.support.pagefactory.internal.LocatingElementHandler.invoke(LocatingElementHandler.java:38)
	at jdk.proxy2/jdk.proxy2.$Proxy29.click(Unknown Source)
	at com.FrontEnd_MilkRide.PageObject.Index_Page.clickAllProduct(Index_Page.java:30)
	at com.FrontEnd_MilkRide.Module.Frontend_Functionality.Buy_Once_Order_Morning(Frontend_Functionality.java:128)
	at java.base/jdk.internal.reflect.DirectMethodHandleAccessor.invoke(DirectMethodHandleAccessor.java:103)
	at java.base/java.lang.reflect.Method.invoke(Method.java:580)
	at org.testng.internal.invokers.MethodInvocationHelper.invokeMethod(MethodInvocationHelper.java:141)
	at org.testng.internal.invokers.TestInvoker.invokeMethod(TestInvoker.java:686)
	at org.testng.internal.invokers.TestInvoker.invokeTestMethod(TestInvoker.java:230)
	at org.testng.internal.invokers.MethodRunner.runInSequence(MethodRunner.java:63)
	at org.testng.internal.invokers.TestInvoker$MethodInvocationAgent.invoke(TestInvoker.java:992)
	at org.testng.internal.invokers.TestInvoker.invokeTestMethods(TestInvoker.java:203)
	at org.testng.internal.invokers.TestMethodWorker.invokeTestMethods(TestMethodWorker.java:154)
	at org.testng.internal.invokers.TestMethodWorker.run(TestMethodWorker.java:134)
	at java.base/java.util.ArrayList.forEach(ArrayList.java:1596)
	at org.testng.TestRunner.privateRun(TestRunner.java:739)
	at org.testng.TestRunner.run(TestRunner.java:614)
	at org.testng.SuiteRunner.runTest(SuiteRunner.java:421)
	at org.testng.SuiteRunner.runSequentially(SuiteRunner.java:413)
	at org.testng.SuiteRunner.privateRun(SuiteRunner.java:373)
	at org.testng.SuiteRunner.run(SuiteRunner.java:312)
	at org.testng.SuiteRunnerWorker.runSuite(SuiteRunnerWorker.java:52)
	at org.testng.SuiteRunnerWorker.run(SuiteRunnerWorker.java:95)
	at org.testng.TestNG.runSuitesSequentially(TestNG.java:1274)
	at org.testng.TestNG.runSuitesLocally(TestNG.java:1208)
	at org.testng.TestNG.runSuites(TestNG.java:1112)
	at org.testng.TestNG.run(TestNG.java:1079)
	at org.apache.maven.surefire.testng.TestNGExecutor.run(TestNGExecutor.java:308)
	at org.apache.maven.surefire.testng.TestNGXmlTestSuite.execute(TestNGXmlTestSuite.java:71)
	at org.apache.maven.surefire.testng.TestNGProvider.invoke(TestNGProvider.java:113)
	at org.apache.maven.surefire.booter.ForkedBooter.runSuitesInProcess(ForkedBooter.java:385)
	at org.apache.maven.surefire.booter.ForkedBooter.execute(ForkedBooter.java:162)
	at org.apache.maven.surefire.booter.ForkedBooter.run(ForkedBooter.java:507)
	at org.apache.maven.surefire.booter.ForkedBooter.main(ForkedBooter.java:495)
]]></system-err>
  </testcase>
  <testcase name="Buy_Once_Order_Evening" classname="com.FrontEnd_MilkRide.Module.Frontend_Functionality" time="10.154">
    <failure message="The following asserts failed:&#10;	Error due to: no such element: Unable to locate element: {&quot;method&quot;:&quot;xpath&quot;,&quot;selector&quot;:&quot;//a[normalize-space()=&apos;All Products&apos;]&quot;}&#10;  (Session info: chrome=138.0.7204.101)&#10;For documentation on this error, please visit: https://www.selenium.dev/documentation/webdriver/troubleshooting/errors#no-such-element-exception&#10;Build info: version: &apos;4.33.0&apos;, revision: &apos;2c6aaad03a&apos;&#10;System info: os.name: &apos;Windows 10&apos;, os.arch: &apos;amd64&apos;, os.version: &apos;10.0&apos;, java.version: &apos;21.0.6&apos;&#10;Driver info: org.openqa.selenium.chrome.ChromeDriver&#10;Command: [948b9418de55e40a1851d554680a0d45, findElement {value=//a[normalize-space()=&apos;All Products&apos;], using=xpath}]&#10;Capabilities {acceptInsecureCerts: false, browserName: chrome, browserVersion: 138.0.7204.101, chrome: {chromedriverVersion: 138.0.7204.157 (e533e98b126..., userDataDir: C:\Windows\SystemTemp\scope...}, fedcm:accounts: true, goog:chromeOptions: {debuggerAddress: localhost:55448}, networkConnectionEnabled: false, pageLoadStrategy: normal, platformName: windows, proxy: Proxy(), se:cdp: ws://localhost:55448/devtoo..., se:cdpVersion: 138.0.7204.101, setWindowRect: true, strictFileInteractability: false, timeouts: {implicit: 0, pageLoad: 300000, script: 30000}, unhandledPromptBehavior: dismiss and notify, webauthn:extension:credBlob: true, webauthn:extension:largeBlob: true, webauthn:extension:minPinLength: true, webauthn:extension:prf: true, webauthn:virtualAuthenticators: true}&#10;Session ID: 948b9418de55e40a1851d554680a0d45" type="java.lang.AssertionError"><![CDATA[java.lang.AssertionError: 
The following asserts failed:
	Error due to: no such element: Unable to locate element: {"method":"xpath","selector":"//a[normalize-space()='All Products']"}
  (Session info: chrome=138.0.7204.101)
For documentation on this error, please visit: https://www.selenium.dev/documentation/webdriver/troubleshooting/errors#no-such-element-exception
Build info: version: '4.33.0', revision: '2c6aaad03a'
System info: os.name: 'Windows 10', os.arch: 'amd64', os.version: '10.0', java.version: '21.0.6'
Driver info: org.openqa.selenium.chrome.ChromeDriver
Command: [948b9418de55e40a1851d554680a0d45, findElement {value=//a[normalize-space()='All Products'], using=xpath}]
Capabilities {acceptInsecureCerts: false, browserName: chrome, browserVersion: 138.0.7204.101, chrome: {chromedriverVersion: 138.0.7204.157 (e533e98b126..., userDataDir: C:\Windows\SystemTemp\scope...}, fedcm:accounts: true, goog:chromeOptions: {debuggerAddress: localhost:55448}, networkConnectionEnabled: false, pageLoadStrategy: normal, platformName: windows, proxy: Proxy(), se:cdp: ws://localhost:55448/devtoo..., se:cdpVersion: 138.0.7204.101, setWindowRect: true, strictFileInteractability: false, timeouts: {implicit: 0, pageLoad: 300000, script: 30000}, unhandledPromptBehavior: dismiss and notify, webauthn:extension:credBlob: true, webauthn:extension:largeBlob: true, webauthn:extension:minPinLength: true, webauthn:extension:prf: true, webauthn:virtualAuthenticators: true}
Session ID: 948b9418de55e40a1851d554680a0d45
	at org.testng.asserts.SoftAssert.assertAll(SoftAssert.java:46)
	at org.testng.asserts.SoftAssert.assertAll(SoftAssert.java:30)
	at com.FrontEnd_MilkRide.Module.Frontend_Functionality.Buy_Once_Order_Evening(Frontend_Functionality.java:236)
	at java.base/jdk.internal.reflect.DirectMethodHandleAccessor.invoke(DirectMethodHandleAccessor.java:103)
	at java.base/java.lang.reflect.Method.invoke(Method.java:580)
	at org.testng.internal.invokers.MethodInvocationHelper.invokeMethod(MethodInvocationHelper.java:141)
	at org.testng.internal.invokers.TestInvoker.invokeMethod(TestInvoker.java:686)
	at org.testng.internal.invokers.TestInvoker.invokeTestMethod(TestInvoker.java:230)
	at org.testng.internal.invokers.MethodRunner.runInSequence(MethodRunner.java:63)
	at org.testng.internal.invokers.TestInvoker$MethodInvocationAgent.invoke(TestInvoker.java:992)
	at org.testng.internal.invokers.TestInvoker.invokeTestMethods(TestInvoker.java:203)
	at org.testng.internal.invokers.TestMethodWorker.invokeTestMethods(TestMethodWorker.java:154)
	at org.testng.internal.invokers.TestMethodWorker.run(TestMethodWorker.java:134)
	at java.base/java.util.ArrayList.forEach(ArrayList.java:1596)
	at org.testng.TestRunner.privateRun(TestRunner.java:739)
	at org.testng.TestRunner.run(TestRunner.java:614)
	at org.testng.SuiteRunner.runTest(SuiteRunner.java:421)
	at org.testng.SuiteRunner.runSequentially(SuiteRunner.java:413)
	at org.testng.SuiteRunner.privateRun(SuiteRunner.java:373)
	at org.testng.SuiteRunner.run(SuiteRunner.java:312)
	at org.testng.SuiteRunnerWorker.runSuite(SuiteRunnerWorker.java:52)
	at org.testng.SuiteRunnerWorker.run(SuiteRunnerWorker.java:95)
	at org.testng.TestNG.runSuitesSequentially(TestNG.java:1274)
	at org.testng.TestNG.runSuitesLocally(TestNG.java:1208)
	at org.testng.TestNG.runSuites(TestNG.java:1112)
	at org.testng.TestNG.run(TestNG.java:1079)
	at org.apache.maven.surefire.testng.TestNGExecutor.run(TestNGExecutor.java:308)
	at org.apache.maven.surefire.testng.TestNGXmlTestSuite.execute(TestNGXmlTestSuite.java:71)
	at org.apache.maven.surefire.testng.TestNGProvider.invoke(TestNGProvider.java:113)
	at org.apache.maven.surefire.booter.ForkedBooter.runSuitesInProcess(ForkedBooter.java:385)
	at org.apache.maven.surefire.booter.ForkedBooter.execute(ForkedBooter.java:162)
	at org.apache.maven.surefire.booter.ForkedBooter.run(ForkedBooter.java:507)
	at org.apache.maven.surefire.booter.ForkedBooter.main(ForkedBooter.java:495)
]]></failure>
    <system-out><![CDATA[Test Failed: Buy_Once_Order_Morning
Test Started: Buy_Once_Order_Evening
[ERROR] 2025-07-17 15:01:12.760 [main] FrontEnd_BassClass - Exception occurred in Buy_Once_Order_Evening: no such element: Unable to locate element: {"method":"xpath","selector":"//a[normalize-space()='All Products']"}
  (Session info: chrome=138.0.7204.101)
For documentation on this error, please visit: https://www.selenium.dev/documentation/webdriver/troubleshooting/errors#no-such-element-exception
Build info: version: '4.33.0', revision: '2c6aaad03a'
System info: os.name: 'Windows 10', os.arch: 'amd64', os.version: '10.0', java.version: '21.0.6'
Driver info: org.openqa.selenium.chrome.ChromeDriver
Command: [948b9418de55e40a1851d554680a0d45, findElement {value=//a[normalize-space()='All Products'], using=xpath}]
Capabilities {acceptInsecureCerts: false, browserName: chrome, browserVersion: 138.0.7204.101, chrome: {chromedriverVersion: 138.0.7204.157 (e533e98b126..., userDataDir: C:\Windows\SystemTemp\scope...}, fedcm:accounts: true, goog:chromeOptions: {debuggerAddress: localhost:55448}, networkConnectionEnabled: false, pageLoadStrategy: normal, platformName: windows, proxy: Proxy(), se:cdp: ws://localhost:55448/devtoo..., se:cdpVersion: 138.0.7204.101, setWindowRect: true, strictFileInteractability: false, timeouts: {implicit: 0, pageLoad: 300000, script: 30000}, unhandledPromptBehavior: dismiss and notify, webauthn:extension:credBlob: true, webauthn:extension:largeBlob: true, webauthn:extension:minPinLength: true, webauthn:extension:prf: true, webauthn:virtualAuthenticators: true}
Session ID: 948b9418de55e40a1851d554680a0d45
]]></system-out>
    <system-err><![CDATA[org.openqa.selenium.NoSuchSessionException: Session ID is null. Using WebDriver after calling quit()?
Build info: version: '4.33.0', revision: '2c6aaad03a'
System info: os.name: 'Windows 10', os.arch: 'amd64', os.version: '10.0', java.version: '21.0.6'
Driver info: org.openqa.selenium.chrome.ChromeDriver
Command: [null, screenshot {}]
Capabilities {acceptInsecureCerts: false, browserName: chrome, browserVersion: 138.0.7204.101, chrome: {chromedriverVersion: 138.0.7204.157 (e533e98b126..., userDataDir: C:\Windows\SystemTemp\scope...}, fedcm:accounts: true, goog:chromeOptions: {debuggerAddress: localhost:55313}, networkConnectionEnabled: false, pageLoadStrategy: normal, platformName: windows, proxy: Proxy(), se:cdp: ws://localhost:55313/devtoo..., se:cdpVersion: 138.0.7204.101, setWindowRect: true, strictFileInteractability: false, timeouts: {implicit: 0, pageLoad: 300000, script: 30000}, unhandledPromptBehavior: dismiss and notify, webauthn:extension:credBlob: true, webauthn:extension:largeBlob: true, webauthn:extension:minPinLength: true, webauthn:extension:prf: true, webauthn:virtualAuthenticators: true}
	at org.openqa.selenium.remote.HttpCommandExecutor.execute(HttpCommandExecutor.java:176)
	at org.openqa.selenium.remote.service.DriverCommandExecutor.invokeExecute(DriverCommandExecutor.java:216)
	at org.openqa.selenium.remote.service.DriverCommandExecutor.execute(DriverCommandExecutor.java:174)
	at org.openqa.selenium.remote.RemoteWebDriver.execute(RemoteWebDriver.java:544)
	at org.openqa.selenium.remote.RemoteWebDriver.execute(RemoteWebDriver.java:617)
	at org.openqa.selenium.remote.RemoteWebDriver.execute(RemoteWebDriver.java:621)
	at org.openqa.selenium.remote.RemoteWebDriver.getScreenshotAs(RemoteWebDriver.java:333)
	at com.Admin_MilkRide.Module.Baseclass.captureScreenShot(Baseclass.java:88)
	at com.Admin_MilkRide.Utilities.ExtentListenerClass.onTestFailure(ExtentListenerClass.java:68)
	at org.testng.internal.TestListenerHelper.runTestListeners(TestListenerHelper.java:115)
	at org.testng.internal.invokers.TestInvoker.runTestResultListener(TestInvoker.java:285)
	at org.testng.internal.invokers.TestInvoker.invokeMethod(TestInvoker.java:774)
	at org.testng.internal.invokers.TestInvoker.invokeTestMethod(TestInvoker.java:230)
	at org.testng.internal.invokers.MethodRunner.runInSequence(MethodRunner.java:63)
	at org.testng.internal.invokers.TestInvoker$MethodInvocationAgent.invoke(TestInvoker.java:992)
	at org.testng.internal.invokers.TestInvoker.invokeTestMethods(TestInvoker.java:203)
	at org.testng.internal.invokers.TestMethodWorker.invokeTestMethods(TestMethodWorker.java:154)
	at org.testng.internal.invokers.TestMethodWorker.run(TestMethodWorker.java:134)
	at java.base/java.util.ArrayList.forEach(ArrayList.java:1596)
	at org.testng.TestRunner.privateRun(TestRunner.java:739)
	at org.testng.TestRunner.run(TestRunner.java:614)
	at org.testng.SuiteRunner.runTest(SuiteRunner.java:421)
	at org.testng.SuiteRunner.runSequentially(SuiteRunner.java:413)
	at org.testng.SuiteRunner.privateRun(SuiteRunner.java:373)
	at org.testng.SuiteRunner.run(SuiteRunner.java:312)
	at org.testng.SuiteRunnerWorker.runSuite(SuiteRunnerWorker.java:52)
	at org.testng.SuiteRunnerWorker.run(SuiteRunnerWorker.java:95)
	at org.testng.TestNG.runSuitesSequentially(TestNG.java:1274)
	at org.testng.TestNG.runSuitesLocally(TestNG.java:1208)
	at org.testng.TestNG.runSuites(TestNG.java:1112)
	at org.testng.TestNG.run(TestNG.java:1079)
	at org.apache.maven.surefire.testng.TestNGExecutor.run(TestNGExecutor.java:308)
	at org.apache.maven.surefire.testng.TestNGXmlTestSuite.execute(TestNGXmlTestSuite.java:71)
	at org.apache.maven.surefire.testng.TestNGProvider.invoke(TestNGProvider.java:113)
	at org.apache.maven.surefire.booter.ForkedBooter.runSuitesInProcess(ForkedBooter.java:385)
	at org.apache.maven.surefire.booter.ForkedBooter.execute(ForkedBooter.java:162)
	at org.apache.maven.surefire.booter.ForkedBooter.run(ForkedBooter.java:507)
	at org.apache.maven.surefire.booter.ForkedBooter.main(ForkedBooter.java:495)
org.openqa.selenium.NoSuchElementException: no such element: Unable to locate element: {"method":"xpath","selector":"//a[normalize-space()='All Products']"}
  (Session info: chrome=138.0.7204.101)
For documentation on this error, please visit: https://www.selenium.dev/documentation/webdriver/troubleshooting/errors#no-such-element-exception
Build info: version: '4.33.0', revision: '2c6aaad03a'
System info: os.name: 'Windows 10', os.arch: 'amd64', os.version: '10.0', java.version: '21.0.6'
Driver info: org.openqa.selenium.chrome.ChromeDriver
Command: [948b9418de55e40a1851d554680a0d45, findElement {value=//a[normalize-space()='All Products'], using=xpath}]
Capabilities {acceptInsecureCerts: false, browserName: chrome, browserVersion: 138.0.7204.101, chrome: {chromedriverVersion: 138.0.7204.157 (e533e98b126..., userDataDir: C:\Windows\SystemTemp\scope...}, fedcm:accounts: true, goog:chromeOptions: {debuggerAddress: localhost:55448}, networkConnectionEnabled: false, pageLoadStrategy: normal, platformName: windows, proxy: Proxy(), se:cdp: ws://localhost:55448/devtoo..., se:cdpVersion: 138.0.7204.101, setWindowRect: true, strictFileInteractability: false, timeouts: {implicit: 0, pageLoad: 300000, script: 30000}, unhandledPromptBehavior: dismiss and notify, webauthn:extension:credBlob: true, webauthn:extension:largeBlob: true, webauthn:extension:minPinLength: true, webauthn:extension:prf: true, webauthn:virtualAuthenticators: true}
Session ID: 948b9418de55e40a1851d554680a0d45
	at java.base/jdk.internal.reflect.DirectConstructorHandleAccessor.newInstance(DirectConstructorHandleAccessor.java:62)
	at java.base/java.lang.reflect.Constructor.newInstanceWithCaller(Constructor.java:502)
	at java.base/java.lang.reflect.Constructor.newInstance(Constructor.java:486)
	at org.openqa.selenium.remote.ErrorCodec.decode(ErrorCodec.java:167)
	at org.openqa.selenium.remote.codec.w3c.W3CHttpResponseCodec.decode(W3CHttpResponseCodec.java:138)
	at org.openqa.selenium.remote.codec.w3c.W3CHttpResponseCodec.decode(W3CHttpResponseCodec.java:50)
	at org.openqa.selenium.remote.HttpCommandExecutor.execute(HttpCommandExecutor.java:215)
	at org.openqa.selenium.remote.service.DriverCommandExecutor.invokeExecute(DriverCommandExecutor.java:216)
	at org.openqa.selenium.remote.service.DriverCommandExecutor.execute(DriverCommandExecutor.java:174)
	at org.openqa.selenium.remote.RemoteWebDriver.execute(RemoteWebDriver.java:544)
	at org.openqa.selenium.remote.ElementLocation$ElementFinder$2.findElement(ElementLocation.java:165)
	at org.openqa.selenium.remote.ElementLocation.findElement(ElementLocation.java:59)
	at org.openqa.selenium.remote.RemoteWebDriver.findElement(RemoteWebDriver.java:367)
	at org.openqa.selenium.remote.RemoteWebDriver.findElement(RemoteWebDriver.java:361)
	at org.openqa.selenium.support.pagefactory.DefaultElementLocator.findElement(DefaultElementLocator.java:68)
	at org.openqa.selenium.support.pagefactory.internal.LocatingElementHandler.invoke(LocatingElementHandler.java:38)
	at jdk.proxy2/jdk.proxy2.$Proxy29.click(Unknown Source)
	at com.FrontEnd_MilkRide.PageObject.Index_Page.clickAllProduct(Index_Page.java:30)
	at com.FrontEnd_MilkRide.Module.Frontend_Functionality.Buy_Once_Order_Evening(Frontend_Functionality.java:185)
	at java.base/jdk.internal.reflect.DirectMethodHandleAccessor.invoke(DirectMethodHandleAccessor.java:103)
	at java.base/java.lang.reflect.Method.invoke(Method.java:580)
	at org.testng.internal.invokers.MethodInvocationHelper.invokeMethod(MethodInvocationHelper.java:141)
	at org.testng.internal.invokers.TestInvoker.invokeMethod(TestInvoker.java:686)
	at org.testng.internal.invokers.TestInvoker.invokeTestMethod(TestInvoker.java:230)
	at org.testng.internal.invokers.MethodRunner.runInSequence(MethodRunner.java:63)
	at org.testng.internal.invokers.TestInvoker$MethodInvocationAgent.invoke(TestInvoker.java:992)
	at org.testng.internal.invokers.TestInvoker.invokeTestMethods(TestInvoker.java:203)
	at org.testng.internal.invokers.TestMethodWorker.invokeTestMethods(TestMethodWorker.java:154)
	at org.testng.internal.invokers.TestMethodWorker.run(TestMethodWorker.java:134)
	at java.base/java.util.ArrayList.forEach(ArrayList.java:1596)
	at org.testng.TestRunner.privateRun(TestRunner.java:739)
	at org.testng.TestRunner.run(TestRunner.java:614)
	at org.testng.SuiteRunner.runTest(SuiteRunner.java:421)
	at org.testng.SuiteRunner.runSequentially(SuiteRunner.java:413)
	at org.testng.SuiteRunner.privateRun(SuiteRunner.java:373)
	at org.testng.SuiteRunner.run(SuiteRunner.java:312)
	at org.testng.SuiteRunnerWorker.runSuite(SuiteRunnerWorker.java:52)
	at org.testng.SuiteRunnerWorker.run(SuiteRunnerWorker.java:95)
	at org.testng.TestNG.runSuitesSequentially(TestNG.java:1274)
	at org.testng.TestNG.runSuitesLocally(TestNG.java:1208)
	at org.testng.TestNG.runSuites(TestNG.java:1112)
	at org.testng.TestNG.run(TestNG.java:1079)
	at org.apache.maven.surefire.testng.TestNGExecutor.run(TestNGExecutor.java:308)
	at org.apache.maven.surefire.testng.TestNGXmlTestSuite.execute(TestNGXmlTestSuite.java:71)
	at org.apache.maven.surefire.testng.TestNGProvider.invoke(TestNGProvider.java:113)
	at org.apache.maven.surefire.booter.ForkedBooter.runSuitesInProcess(ForkedBooter.java:385)
	at org.apache.maven.surefire.booter.ForkedBooter.execute(ForkedBooter.java:162)
	at org.apache.maven.surefire.booter.ForkedBooter.run(ForkedBooter.java:507)
	at org.apache.maven.surefire.booter.ForkedBooter.main(ForkedBooter.java:495)
]]></system-err>
  </testcase>
</testsuite>